#
# There is insufficient memory for the Java Runtime Environment to continue.
# Native memory allocation (malloc) failed to allocate 912096 bytes for Chunk::new
# Possible reasons:
#   The system is out of physical RAM or swap space
#   The process is running with CompressedOops enabled, and the Java Heap may be blocking the growth of the native heap
# Possible solutions:
#   Reduce memory load on the system
#   Increase physical memory or swap space
#   Check if swap backing store is full
#   Decrease Java heap size (-Xmx/-Xms)
#   Decrease number of Java threads
#   Decrease Java thread stack sizes (-Xss)
#   Set larger code cache with -XX:ReservedCodeCacheSize=
#   JVM is running with Unscaled Compressed Oops mode in which the Java heap is
#     placed in the first 4GB address space. The Java Heap base address is the
#     maximum limit for the native heap growth. Please use -XX:HeapBaseMinAddress
#     to set the Java Heap base and to place the Java Heap above 4GB virtual address.
# This output file may be truncated or incomplete.
#
#  Out of Memory Error (arena.cpp:184), pid=4048, tid=7176
#
# JRE version: OpenJDK Runtime Environment (19.0.2+7) (build 19.0.2+7-44)
# Java VM: OpenJDK 64-Bit Server VM (19.0.2+7-44, mixed mode, sharing, tiered, compressed oops, compressed class ptrs, g1 gc, windows-amd64)
# No core dump will be written. Minidumps are not enabled by default on client versions of Windows
#

---------------  S U M M A R Y ------------

Command Line: -javaagent:C:\Program Files\JetBrains\IntelliJ IDEA Community Edition 2022.2.1\lib\idea_rt.jar=50722:C:\Program Files\JetBrains\IntelliJ IDEA Community Edition 2022.2.1\bin -Dfile.encoding=UTF-8 -Dsun.stdout.encoding=UTF-8 -Dsun.stderr.encoding=UTF-8 com.example.fileupdown.FileUpDownApplication

Host: Intel(R) Celeron(R) CPU B830 @ 1.80GHz, 2 cores, 5G,  Windows 10 , 64 bit Build 19041 (10.0.19041.2788)
Time: Sun May 14 19:47:30 2023 ora legale Europa occidentale elapsed time: 19.846013 seconds (0d 0h 0m 19s)

---------------  T H R E A D  ---------------

Current thread (0x000001c2f2dab8a0):  JavaThread "C2 CompilerThread0" daemon [_thread_in_native, id=7176, stack(0x000000a7c0b00000,0x000000a7c0c00000)]


Current CompileTask:
C2:  19846 4752       4       org.springframework.beans.factory.support.AbstractBeanFactory::isTypeMatch (619 bytes)

Stack: [0x000000a7c0b00000,0x000000a7c0c00000]
Native frames: (J=compiled Java code, j=interpreted, Vv=VM code, C=native code)
V  [jvm.dll+0x6ee21a]
V  [jvm.dll+0x85765e]
V  [jvm.dll+0x85904e]
V  [jvm.dll+0x859703]
V  [jvm.dll+0x28298f]
V  [jvm.dll+0xc9adf]
V  [jvm.dll+0xc9e65]
V  [jvm.dll+0x2f7caf]
V  [jvm.dll+0x5f076b]
V  [jvm.dll+0x255483]
V  [jvm.dll+0x24de26]
V  [jvm.dll+0x24b673]
V  [jvm.dll+0x1d6ce1]
V  [jvm.dll+0x25b25a]
V  [jvm.dll+0x2596e8]
V  [jvm.dll+0x807588]
V  [jvm.dll+0x80125a]
V  [jvm.dll+0x6ecf0b]
C  [ucrtbase.dll+0x21bb2]
C  [KERNEL32.DLL+0x17604]
C  [ntdll.dll+0x526a1]


---------------  P R O C E S S  ---------------

Threads class SMR info:
_java_thread_list=0x000001c2fa2fae90, length=19, elements={
0x000001c2d6596f20, 0x000001c2f2da2050, 0x000001c2f2da2fe0, 0x000001c2f2da3f70,
0x000001c2f2da79c0, 0x000001c2f2da9300, 0x000001c2f2da9c30, 0x000001c2f2dab8a0,
0x000001c2f2dad310, 0x000001c2f2dd06d0, 0x000001c2f2d75480, 0x000001c2f7303120,
0x000001c2f7303660, 0x000001c2f7b05300, 0x000001c2f7b05cc0, 0x000001c2f87a5b50,
0x000001c2f87a60a0, 0x000001c2f87a65f0, 0x000001c2f87a6b40
}

Java Threads: ( => current thread )
  0x000001c2d6596f20 JavaThread "main" [_thread_blocked, id=2108, stack(0x000000a7bfe00000,0x000000a7bff00000)]
  0x000001c2f2da2050 JavaThread "Reference Handler" daemon [_thread_blocked, id=5912, stack(0x000000a7c0500000,0x000000a7c0600000)]
  0x000001c2f2da2fe0 JavaThread "Finalizer" daemon [_thread_blocked, id=1492, stack(0x000000a7c0600000,0x000000a7c0700000)]
  0x000001c2f2da3f70 JavaThread "Signal Dispatcher" daemon [_thread_blocked, id=8048, stack(0x000000a7c0700000,0x000000a7c0800000)]
  0x000001c2f2da79c0 JavaThread "Attach Listener" daemon [_thread_blocked, id=2772, stack(0x000000a7c0800000,0x000000a7c0900000)]
  0x000001c2f2da9300 JavaThread "Service Thread" daemon [_thread_blocked, id=2468, stack(0x000000a7c0900000,0x000000a7c0a00000)]
  0x000001c2f2da9c30 JavaThread "Monitor Deflation Thread" daemon [_thread_blocked, id=7768, stack(0x000000a7c0a00000,0x000000a7c0b00000)]
=>0x000001c2f2dab8a0 JavaThread "C2 CompilerThread0" daemon [_thread_in_native, id=7176, stack(0x000000a7c0b00000,0x000000a7c0c00000)]
  0x000001c2f2dad310 JavaThread "C1 CompilerThread0" daemon [_thread_in_native, id=2056, stack(0x000000a7c0c00000,0x000000a7c0d00000)]
  0x000001c2f2dd06d0 JavaThread "Sweeper thread" daemon [_thread_blocked, id=4012, stack(0x000000a7c0d00000,0x000000a7c0e00000)]
  0x000001c2f2d75480 JavaThread "Common-Cleaner" daemon [_thread_blocked, id=6464, stack(0x000000a7c0e00000,0x000000a7c0f00000)]
  0x000001c2f7303120 JavaThread "Monitor Ctrl-Break" daemon [_thread_in_native, id=3672, stack(0x000000a7c1000000,0x000000a7c1100000)]
  0x000001c2f7303660 JavaThread "Notification Thread" daemon [_thread_blocked, id=7416, stack(0x000000a7c1100000,0x000000a7c1200000)]
  0x000001c2f7b05300 JavaThread "Thread-0" [_thread_blocked, id=6304, stack(0x000000a7c1300000,0x000000a7c1400000)]
  0x000001c2f7b05cc0 JavaThread "restartedMain" [_thread_in_vm, id=4416, stack(0x000000a7c1400000,0x000000a7c1500000)]
  0x000001c2f87a5b50 JavaThread "HikariPool-1 housekeeper" daemon [_thread_blocked, id=6916, stack(0x000000a7c1500000,0x000000a7c1600000)]
  0x000001c2f87a60a0 JavaThread "Catalina-utility-1" [_thread_blocked, id=3708, stack(0x000000a7c1700000,0x000000a7c1800000)]
  0x000001c2f87a65f0 JavaThread "Catalina-utility-2" [_thread_blocked, id=7284, stack(0x000000a7c1800000,0x000000a7c1900000)]
  0x000001c2f87a6b40 JavaThread "container-0" [_thread_blocked, id=5756, stack(0x000000a7c1900000,0x000000a7c1a00000)]

Other Threads:
  0x000001c2f2d8a420 VMThread "VM Thread" [stack: 0x000000a7c0400000,0x000000a7c0500000] [id=208]
  0x000001c2f7318070 WatcherThread "VM Periodic Task Thread" [stack: 0x000000a7c1200000,0x000000a7c1300000] [id=5836]
  0x000001c2d65e4fb0 WorkerThread "GC Thread#0" [stack: 0x000000a7bff00000,0x000000a7c0000000] [id=3088]
  0x000001c2f72b2cb0 WorkerThread "GC Thread#1" [stack: 0x000000a7c0f00000,0x000000a7c1000000] [id=6356]
  0x000001c2d65f1bd0 ConcurrentGCThread "G1 Main Marker" [stack: 0x000000a7c0000000,0x000000a7c0100000] [id=4564]
  0x000001c2d65f37b0 WorkerThread "G1 Conc#0" [stack: 0x000000a7c0100000,0x000000a7c0200000] [id=3816]
  0x000001c2d6655e40 ConcurrentGCThread "G1 Refine#0" [stack: 0x000000a7c0200000,0x000000a7c0300000] [id=7024]
  0x000001c2d6656b20 ConcurrentGCThread "G1 Service" [stack: 0x000000a7c0300000,0x000000a7c0400000] [id=5080]

Threads with active compile tasks:
C2 CompilerThread0    19931 4752       4       org.springframework.beans.factory.support.AbstractBeanFactory::isTypeMatch (619 bytes)
C1 CompilerThread0    19931 4813       2       org.springframework.boot.web.servlet.context.WebApplicationContextServletContextAwareProcessor::getServletConfig (23 bytes)

VM state: not at safepoint (normal execution)

VM Mutex/Monitor currently owned by a thread: None

Heap address: 0x00000000a1a00000, size: 1510 MB, Compressed Oops mode: 32-bit

CDS archive(s) mapped at: [0x0000000800000000-0x0000000800c40000-0x0000000800c40000), size 12845056, SharedBaseAddress: 0x0000000800000000, ArchiveRelocationMode: 0.
Compressed class space mapped at: 0x0000000801000000-0x0000000841000000, reserved size: 1073741824
Narrow klass base: 0x0000000800000000, Narrow klass shift: 0, Narrow klass range: 0x100000000

GC Precious Log:
 CardTable entry size: 512
 Card Set container configuration: InlinePtr #cards 5 size 8 Array Of Cards #cards 12 size 40 Howl #buckets 4 coarsen threshold 1843 Howl Bitmap #cards 512 size 80 coarsen threshold 460 Card regions per heap region 1 cards per card region 2048
 CPUs: 2 total, 2 available
 Memory: 6033M
 Large Page Support: Disabled
 NUMA Support: Disabled
 Compressed Oops: Enabled (32-bit)
 Heap Region Size: 1M
 Heap Min Capacity: 8M
 Heap Initial Capacity: 96M
 Heap Max Capacity: 1510M
 Pre-touch: Disabled
 Parallel Workers: 2
 Concurrent Workers: 1
 Concurrent Refinement Workers: 2
 Periodic GC: Disabled

Heap:
 garbage-first heap   total 65536K, used 41025K [0x00000000a1a00000, 0x0000000100000000)
  region size 1024K, 22 young (22528K), 2 survivors (2048K)
 Metaspace       used 55881K, committed 56448K, reserved 1114112K
  class space    used 7239K, committed 7488K, reserved 1048576K

Heap Regions: E=young(eden), S=young(survivor), O=old, HS=humongous(starts), HC=humongous(continues), CS=collection set, F=free, OA=open archive, CA=closed archive, TAMS=top-at-mark-start (previous, next)
|   0|0x00000000a1a00000, 0x00000000a1b00000, 0x00000000a1b00000|100%|HS|  |TAMS 0x00000000a1b00000, 0x00000000a1a00000| Complete 
|   1|0x00000000a1b00000, 0x00000000a1c00000, 0x00000000a1c00000|100%| O|  |TAMS 0x00000000a1c00000, 0x00000000a1b00000| Untracked 
|   2|0x00000000a1c00000, 0x00000000a1d00000, 0x00000000a1d00000|100%| O|  |TAMS 0x00000000a1d00000, 0x00000000a1c00000| Untracked 
|   3|0x00000000a1d00000, 0x00000000a1e00000, 0x00000000a1e00000|100%| O|  |TAMS 0x00000000a1e00000, 0x00000000a1d00000| Untracked 
|   4|0x00000000a1e00000, 0x00000000a1f00000, 0x00000000a1f00000|100%| O|  |TAMS 0x00000000a1f00000, 0x00000000a1e00000| Untracked 
|   5|0x00000000a1f00000, 0x00000000a2000000, 0x00000000a2000000|100%| O|  |TAMS 0x00000000a2000000, 0x00000000a1f00000| Untracked 
|   6|0x00000000a2000000, 0x00000000a2100000, 0x00000000a2100000|100%| O|  |TAMS 0x00000000a2100000, 0x00000000a2000000| Untracked 
|   7|0x00000000a2100000, 0x00000000a2200000, 0x00000000a2200000|100%| O|  |TAMS 0x00000000a2200000, 0x00000000a2100000| Untracked 
|   8|0x00000000a2200000, 0x00000000a2300000, 0x00000000a2300000|100%| O|  |TAMS 0x00000000a2300000, 0x00000000a2200000| Untracked 
|   9|0x00000000a2300000, 0x00000000a2400000, 0x00000000a2400000|100%| O|  |TAMS 0x00000000a2400000, 0x00000000a2300000| Untracked 
|  10|0x00000000a2400000, 0x00000000a2500000, 0x00000000a2500000|100%| O|  |TAMS 0x00000000a2500000, 0x00000000a2400000| Untracked 
|  11|0x00000000a2500000, 0x00000000a2600000, 0x00000000a2600000|100%| O|  |TAMS 0x00000000a2600000, 0x00000000a2500000| Untracked 
|  12|0x00000000a2600000, 0x00000000a2700000, 0x00000000a2700000|100%| O|  |TAMS 0x00000000a2700000, 0x00000000a2600000| Untracked 
|  13|0x00000000a2700000, 0x00000000a2800000, 0x00000000a2800000|100%| O|  |TAMS 0x00000000a2800000, 0x00000000a2700000| Untracked 
|  14|0x00000000a2800000, 0x00000000a2900000, 0x00000000a2900000|100%| O|  |TAMS 0x00000000a2900000, 0x00000000a2800000| Untracked 
|  15|0x00000000a2900000, 0x00000000a29ea200, 0x00000000a2a00000| 91%| O|  |TAMS 0x00000000a29ea200, 0x00000000a2900000| Untracked 
|  16|0x00000000a2a00000, 0x00000000a2b00000, 0x00000000a2b00000|100%| O|  |TAMS 0x00000000a2a00000, 0x00000000a2a00000| Untracked 
|  17|0x00000000a2b00000, 0x00000000a2c00000, 0x00000000a2c00000|100%| O|  |TAMS 0x00000000a2b00000, 0x00000000a2b00000| Untracked 
|  18|0x00000000a2c00000, 0x00000000a2c00000, 0x00000000a2d00000|  0%| F|  |TAMS 0x00000000a2c00000, 0x00000000a2c00000| Untracked 
|  19|0x00000000a2d00000, 0x00000000a2e00000, 0x00000000a2e00000|100%| O|  |TAMS 0x00000000a2d00000, 0x00000000a2d00000| Untracked 
|  20|0x00000000a2e00000, 0x00000000a2e26200, 0x00000000a2f00000| 14%| O|  |TAMS 0x00000000a2e00000, 0x00000000a2e00000| Untracked 
|  21|0x00000000a2f00000, 0x00000000a2f00000, 0x00000000a3000000|  0%| F|  |TAMS 0x00000000a2f00000, 0x00000000a2f00000| Untracked 
|  22|0x00000000a3000000, 0x00000000a3000000, 0x00000000a3100000|  0%| F|  |TAMS 0x00000000a3000000, 0x00000000a3000000| Untracked 
|  23|0x00000000a3100000, 0x00000000a3100000, 0x00000000a3200000|  0%| F|  |TAMS 0x00000000a3100000, 0x00000000a3100000| Untracked 
|  24|0x00000000a3200000, 0x00000000a3200000, 0x00000000a3300000|  0%| F|  |TAMS 0x00000000a3200000, 0x00000000a3200000| Untracked 
|  25|0x00000000a3300000, 0x00000000a3300000, 0x00000000a3400000|  0%| F|  |TAMS 0x00000000a3300000, 0x00000000a3300000| Untracked 
|  26|0x00000000a3400000, 0x00000000a3400000, 0x00000000a3500000|  0%| F|  |TAMS 0x00000000a3400000, 0x00000000a3400000| Untracked 
|  27|0x00000000a3500000, 0x00000000a3500000, 0x00000000a3600000|  0%| F|  |TAMS 0x00000000a3500000, 0x00000000a3500000| Untracked 
|  28|0x00000000a3600000, 0x00000000a3600000, 0x00000000a3700000|  0%| F|  |TAMS 0x00000000a3600000, 0x00000000a3600000| Untracked 
|  29|0x00000000a3700000, 0x00000000a3700000, 0x00000000a3800000|  0%| F|  |TAMS 0x00000000a3700000, 0x00000000a3700000| Untracked 
|  30|0x00000000a3800000, 0x00000000a3800000, 0x00000000a3900000|  0%| F|  |TAMS 0x00000000a3800000, 0x00000000a3800000| Untracked 
|  31|0x00000000a3900000, 0x00000000a3900000, 0x00000000a3a00000|  0%| F|  |TAMS 0x00000000a3900000, 0x00000000a3900000| Untracked 
|  32|0x00000000a3a00000, 0x00000000a3b00000, 0x00000000a3b00000|100%| S|CS|TAMS 0x00000000a3a00000, 0x00000000a3a00000| Complete 
|  33|0x00000000a3b00000, 0x00000000a3c00000, 0x00000000a3c00000|100%| S|CS|TAMS 0x00000000a3b00000, 0x00000000a3b00000| Complete 
|  34|0x00000000a3c00000, 0x00000000a3c00000, 0x00000000a3d00000|  0%| F|  |TAMS 0x00000000a3c00000, 0x00000000a3c00000| Untracked 
|  35|0x00000000a3d00000, 0x00000000a3d00000, 0x00000000a3e00000|  0%| F|  |TAMS 0x00000000a3d00000, 0x00000000a3d00000| Untracked 
|  36|0x00000000a3e00000, 0x00000000a3e00000, 0x00000000a3f00000|  0%| F|  |TAMS 0x00000000a3e00000, 0x00000000a3e00000| Untracked 
|  37|0x00000000a3f00000, 0x00000000a3f00000, 0x00000000a4000000|  0%| F|  |TAMS 0x00000000a3f00000, 0x00000000a3f00000| Untracked 
|  38|0x00000000a4000000, 0x00000000a4000000, 0x00000000a4100000|  0%| F|  |TAMS 0x00000000a4000000, 0x00000000a4000000| Untracked 
|  39|0x00000000a4100000, 0x00000000a4100000, 0x00000000a4200000|  0%| F|  |TAMS 0x00000000a4100000, 0x00000000a4100000| Untracked 
|  40|0x00000000a4200000, 0x00000000a4200000, 0x00000000a4300000|  0%| F|  |TAMS 0x00000000a4200000, 0x00000000a4200000| Untracked 
|  41|0x00000000a4300000, 0x00000000a4300000, 0x00000000a4400000|  0%| F|  |TAMS 0x00000000a4300000, 0x00000000a4300000| Untracked 
|  42|0x00000000a4400000, 0x00000000a4400000, 0x00000000a4500000|  0%| F|  |TAMS 0x00000000a4400000, 0x00000000a4400000| Untracked 
|  43|0x00000000a4500000, 0x00000000a4500000, 0x00000000a4600000|  0%| F|  |TAMS 0x00000000a4500000, 0x00000000a4500000| Untracked 
|  44|0x00000000a4600000, 0x00000000a4700000, 0x00000000a4700000|100%| E|  |TAMS 0x00000000a4600000, 0x00000000a4600000| Complete 
|  45|0x00000000a4700000, 0x00000000a4800000, 0x00000000a4800000|100%| E|CS|TAMS 0x00000000a4700000, 0x00000000a4700000| Complete 
|  46|0x00000000a4800000, 0x00000000a4900000, 0x00000000a4900000|100%| E|CS|TAMS 0x00000000a4800000, 0x00000000a4800000| Complete 
|  47|0x00000000a4900000, 0x00000000a4a00000, 0x00000000a4a00000|100%| E|CS|TAMS 0x00000000a4900000, 0x00000000a4900000| Complete 
|  48|0x00000000a4a00000, 0x00000000a4b00000, 0x00000000a4b00000|100%| E|CS|TAMS 0x00000000a4a00000, 0x00000000a4a00000| Complete 
|  49|0x00000000a4b00000, 0x00000000a4c00000, 0x00000000a4c00000|100%| E|CS|TAMS 0x00000000a4b00000, 0x00000000a4b00000| Complete 
|  50|0x00000000a4c00000, 0x00000000a4d00000, 0x00000000a4d00000|100%| E|CS|TAMS 0x00000000a4c00000, 0x00000000a4c00000| Complete 
|  51|0x00000000a4d00000, 0x00000000a4e00000, 0x00000000a4e00000|100%| E|CS|TAMS 0x00000000a4d00000, 0x00000000a4d00000| Complete 
|  52|0x00000000a4e00000, 0x00000000a4f00000, 0x00000000a4f00000|100%| E|CS|TAMS 0x00000000a4e00000, 0x00000000a4e00000| Complete 
|  53|0x00000000a4f00000, 0x00000000a5000000, 0x00000000a5000000|100%| E|CS|TAMS 0x00000000a4f00000, 0x00000000a4f00000| Complete 
|  54|0x00000000a5000000, 0x00000000a5100000, 0x00000000a5100000|100%| E|CS|TAMS 0x00000000a5000000, 0x00000000a5000000| Complete 
|  55|0x00000000a5100000, 0x00000000a5200000, 0x00000000a5200000|100%| E|CS|TAMS 0x00000000a5100000, 0x00000000a5100000| Complete 
|  56|0x00000000a5200000, 0x00000000a5300000, 0x00000000a5300000|100%| E|CS|TAMS 0x00000000a5200000, 0x00000000a5200000| Complete 
|  57|0x00000000a5300000, 0x00000000a5400000, 0x00000000a5400000|100%| E|CS|TAMS 0x00000000a5300000, 0x00000000a5300000| Complete 
|  58|0x00000000a5400000, 0x00000000a5500000, 0x00000000a5500000|100%| E|CS|TAMS 0x00000000a5400000, 0x00000000a5400000| Complete 
|  59|0x00000000a5500000, 0x00000000a5600000, 0x00000000a5600000|100%| E|CS|TAMS 0x00000000a5500000, 0x00000000a5500000| Complete 
|  60|0x00000000a5600000, 0x00000000a5700000, 0x00000000a5700000|100%| E|CS|TAMS 0x00000000a5600000, 0x00000000a5600000| Complete 
|  61|0x00000000a5700000, 0x00000000a5800000, 0x00000000a5800000|100%| E|CS|TAMS 0x00000000a5700000, 0x00000000a5700000| Complete 
|  62|0x00000000a5800000, 0x00000000a5900000, 0x00000000a5900000|100%| E|CS|TAMS 0x00000000a5800000, 0x00000000a5800000| Complete 
|  63|0x00000000a5900000, 0x00000000a5a00000, 0x00000000a5a00000|100%| E|CS|TAMS 0x00000000a5900000, 0x00000000a5900000| Complete 

Card table byte_map: [0x000001c2ed4f0000,0x000001c2ed7f0000] _byte_map_base: 0x000001c2ecfe3000

Marking Bits (Prev, Next): (CMBitMap*) 0x000001c2d65e55e0, (CMBitMap*) 0x000001c2d65e5620
 Prev Bits: [0x000001c2edaf0000, 0x000001c2ef288000)
 Next Bits: [0x000001c2ef290000, 0x000001c2f0a28000)

Polling page: 0x000001c2d5d60000

Metaspace:

Usage:
  Non-class:     47.51 MB used.
      Class:      7.07 MB used.
       Both:     54.58 MB used.

Virtual space:
  Non-class space:       64.00 MB reserved,      47.81 MB ( 75%) committed,  1 nodes.
      Class space:        1.00 GB reserved,       7.31 MB ( <1%) committed,  1 nodes.
             Both:        1.06 GB reserved,      55.12 MB (  5%) committed. 

Chunk freelists:
   Non-Class:  224.00 KB
       Class:  656.00 KB
        Both:  880.00 KB

MaxMetaspaceSize: unlimited
CompressedClassSpaceSize: 1.00 GB
Initial GC threshold: 21.00 MB
Current GC threshold: 58.69 MB
CDS: on
MetaspaceReclaimPolicy: balanced
 - commit_granule_bytes: 65536.
 - commit_granule_words: 8192.
 - virtual_space_node_default_size: 8388608.
 - enlarge_chunks_in_place: 1.
 - new_chunks_are_fully_committed: 0.
 - uncommit_free_chunks: 1.
 - use_allocation_guard: 0.


Internal statistics:

num_allocs_failed_limit: 6.
num_arena_births: 800.
num_arena_deaths: 0.
num_vsnodes_births: 2.
num_vsnodes_deaths: 0.
num_space_committed: 882.
num_space_uncommitted: 0.
num_chunks_returned_to_freelist: 6.
num_chunks_taken_from_freelist: 2804.
num_chunk_merges: 6.
num_chunk_splits: 2042.
num_chunks_enlarged: 1660.
num_inconsistent_stats: 0.

CodeHeap 'non-profiled nmethods': size=120064Kb used=2084Kb max_used=2598Kb free=117979Kb
 bounds [0x000001c2e5fb0000, 0x000001c2e6240000, 0x000001c2ed4f0000]
CodeHeap 'profiled nmethods': size=120000Kb used=7445Kb max_used=9506Kb free=112554Kb
 bounds [0x000001c2de4f0000, 0x000001c2dee40000, 0x000001c2e5a20000]
CodeHeap 'non-nmethods': size=5696Kb used=1400Kb max_used=1443Kb free=4295Kb
 bounds [0x000001c2e5a20000, 0x000001c2e5c90000, 0x000001c2e5fb0000]
 total_blobs=4638 nmethods=3987 adapters=562
 compilation: enabled
              stopped_count=0, restarted_count=0
 full_count=0

Compilation events (20 events):
Event: 19.715 Thread 0x000001c2f2dad310 nmethod 4767 0x000001c2de66e410 code [0x000001c2de66e5c0, 0x000001c2de66e838]
Event: 19.717 Thread 0x000001c2f2dad310 4768       3       org.springframework.beans.factory.annotation.InitDestroyAnnotationBeanPostProcessor$$Lambda$487/0x00000008012ba148::<init> (26 bytes)
Event: 19.717 Thread 0x000001c2f2dad310 nmethod 4768 0x000001c2de54af10 code [0x000001c2de54b0c0, 0x000001c2de54b398]
Event: 19.752 Thread 0x000001c2f2dad310 4769   !   3       org.springframework.beans.factory.support.DefaultSingletonBeanRegistry::getSingleton (147 bytes)
Event: 19.753 Thread 0x000001c2f2dad310 nmethod 4769 0x000001c2de538290 code [0x000001c2de538500, 0x000001c2de539268]
Event: 19.755 Thread 0x000001c2f2dad310 4770   !   3       jdk.proxy2.$Proxy54::annotationType (29 bytes)
Event: 19.755 Thread 0x000001c2f2dad310 nmethod 4770 0x000001c2de615710 code [0x000001c2de6158e0, 0x000001c2de615cd8]
Event: 19.756 Thread 0x000001c2f2dad310 4771 % !   3       org.springframework.util.ReflectionUtils::doWithMethods @ 31 (186 bytes)
Event: 19.758 Thread 0x000001c2f2dad310 nmethod 4771% 0x000001c2de8b9410 code [0x000001c2de8b96c0, 0x000001c2de8ba2f8]
Event: 19.758 Thread 0x000001c2f2dad310 4772   !   3       org.springframework.util.ReflectionUtils::doWithMethods (186 bytes)
Event: 19.759 Thread 0x000001c2f2dad310 nmethod 4772 0x000001c2de4f0b10 code [0x000001c2de4f0dc0, 0x000001c2de4f1838]
Event: 19.770 Thread 0x000001c2f2dad310 4773       3       org.springframework.core.MethodParameter::getParameterType (48 bytes)
Event: 19.770 Thread 0x000001c2f2dad310 nmethod 4773 0x000001c2de674290 code [0x000001c2de674480, 0x000001c2de674a78]
Event: 19.773 Thread 0x000001c2f2dad310 4774       3       java.lang.reflect.Constructor::getDeclaredAnnotations (5 bytes)
Event: 19.773 Thread 0x000001c2f2dad310 nmethod 4774 0x000001c2de540310 code [0x000001c2de540500, 0x000001c2de5409a8]
Event: 19.788 Thread 0x000001c2f2dad310 4777       3       org.springframework.boot.context.properties.ConfigurationPropertiesBean::findMergedAnnotation (24 bytes)
Event: 19.788 Thread 0x000001c2f2dad310 nmethod 4777 0x000001c2de570b90 code [0x000001c2de570d80, 0x000001c2de5711d8]
Event: 19.827 Thread 0x000001c2f2dad310 4778       3       java.lang.invoke.LambdaForm$Name::<init> (9 bytes)
Event: 19.828 Thread 0x000001c2f2dad310 nmethod 4778 0x000001c2de56de90 code [0x000001c2de56e040, 0x000001c2de56e188]
Event: 19.833 Thread 0x000001c2f2dad310 4779   !   3       org.springframework.core.SerializableTypeWrapper$TypeProxyInvocationHandler::invoke (326 bytes)

GC Heap History (20 events):
Event: 6.607 GC heap before
{Heap before GC invocations=3 (full 0):
 garbage-first heap   total 98304K, used 55798K [0x00000000a1a00000, 0x0000000100000000)
  region size 1024K, 50 young (51200K), 2 survivors (2048K)
 Metaspace       used 17278K, committed 17536K, reserved 1114112K
  class space    used 2011K, committed 2112K, reserved 1048576K
}
Event: 6.628 GC heap after
{Heap after GC invocations=4 (full 0):
 garbage-first heap   total 98304K, used 10802K [0x00000000a1a00000, 0x0000000100000000)
  region size 1024K, 6 young (6144K), 6 survivors (6144K)
 Metaspace       used 17278K, committed 17536K, reserved 1114112K
  class space    used 2011K, committed 2112K, reserved 1048576K
}
Event: 8.605 GC heap before
{Heap before GC invocations=4 (full 0):
 garbage-first heap   total 98304K, used 37426K [0x00000000a1a00000, 0x0000000100000000)
  region size 1024K, 33 young (33792K), 6 survivors (6144K)
 Metaspace       used 21193K, committed 21504K, reserved 1114112K
  class space    used 2515K, committed 2688K, reserved 1048576K
}
Event: 8.625 GC heap after
{Heap after GC invocations=5 (full 0):
 garbage-first heap   total 98304K, used 12494K [0x00000000a1a00000, 0x0000000100000000)
  region size 1024K, 6 young (6144K), 6 survivors (6144K)
 Metaspace       used 21193K, committed 21504K, reserved 1114112K
  class space    used 2515K, committed 2688K, reserved 1048576K
}
Event: 10.085 GC heap before
{Heap before GC invocations=6 (full 0):
 garbage-first heap   total 45056K, used 32974K [0x00000000a1a00000, 0x0000000100000000)
  region size 1024K, 26 young (26624K), 6 survivors (6144K)
 Metaspace       used 25629K, committed 26112K, reserved 1114112K
  class space    used 3129K, committed 3392K, reserved 1048576K
}
Event: 10.109 GC heap after
{Heap after GC invocations=7 (full 0):
 garbage-first heap   total 45056K, used 15236K [0x00000000a1a00000, 0x0000000100000000)
  region size 1024K, 3 young (3072K), 3 survivors (3072K)
 Metaspace       used 25629K, committed 26112K, reserved 1114112K
  class space    used 3129K, committed 3392K, reserved 1048576K
}
Event: 10.157 GC heap before
{Heap before GC invocations=7 (full 0):
 garbage-first heap   total 45056K, used 16260K [0x00000000a1a00000, 0x0000000100000000)
  region size 1024K, 4 young (4096K), 3 survivors (3072K)
 Metaspace       used 25871K, committed 26368K, reserved 1114112K
  class space    used 3148K, committed 3392K, reserved 1048576K
}
Event: 10.168 GC heap after
{Heap after GC invocations=8 (full 0):
 garbage-first heap   total 45056K, used 15806K [0x00000000a1a00000, 0x0000000100000000)
  region size 1024K, 1 young (1024K), 1 survivors (1024K)
 Metaspace       used 25871K, committed 26368K, reserved 1114112K
  class space    used 3148K, committed 3392K, reserved 1048576K
}
Event: 11.197 GC heap before
{Heap before GC invocations=8 (full 0):
 garbage-first heap   total 45056K, used 31166K [0x00000000a1a00000, 0x0000000100000000)
  region size 1024K, 17 young (17408K), 1 survivors (1024K)
 Metaspace       used 29672K, committed 30080K, reserved 1114112K
  class space    used 3544K, committed 3712K, reserved 1048576K
}
Event: 11.211 GC heap after
{Heap after GC invocations=9 (full 0):
 garbage-first heap   total 45056K, used 17177K [0x00000000a1a00000, 0x0000000100000000)
  region size 1024K, 2 young (2048K), 2 survivors (2048K)
 Metaspace       used 29672K, committed 30080K, reserved 1114112K
  class space    used 3544K, committed 3712K, reserved 1048576K
}
Event: 12.100 GC heap before
{Heap before GC invocations=9 (full 0):
 garbage-first heap   total 45056K, used 31513K [0x00000000a1a00000, 0x0000000100000000)
  region size 1024K, 17 young (17408K), 2 survivors (2048K)
 Metaspace       used 33670K, committed 34176K, reserved 1114112K
  class space    used 4028K, committed 4288K, reserved 1048576K
}
Event: 12.111 GC heap after
{Heap after GC invocations=10 (full 0):
 garbage-first heap   total 71680K, used 18244K [0x00000000a1a00000, 0x0000000100000000)
  region size 1024K, 1 young (1024K), 1 survivors (1024K)
 Metaspace       used 33670K, committed 34176K, reserved 1114112K
  class space    used 4028K, committed 4288K, reserved 1048576K
}
Event: 12.499 GC heap before
{Heap before GC invocations=10 (full 0):
 garbage-first heap   total 71680K, used 23364K [0x00000000a1a00000, 0x0000000100000000)
  region size 1024K, 7 young (7168K), 1 survivors (1024K)
 Metaspace       used 35420K, committed 35968K, reserved 1114112K
  class space    used 4265K, committed 4544K, reserved 1048576K
}
Event: 12.505 GC heap after
{Heap after GC invocations=11 (full 0):
 garbage-first heap   total 71680K, used 18538K [0x00000000a1a00000, 0x0000000100000000)
  region size 1024K, 2 young (2048K), 2 survivors (2048K)
 Metaspace       used 35420K, committed 35968K, reserved 1114112K
  class space    used 4265K, committed 4544K, reserved 1048576K
}
Event: 14.481 GC heap before
{Heap before GC invocations=12 (full 0):
 garbage-first heap   total 65536K, used 54378K [0x00000000a1a00000, 0x0000000100000000)
  region size 1024K, 37 young (37888K), 2 survivors (2048K)
 Metaspace       used 46898K, committed 47424K, reserved 1114112K
  class space    used 5953K, committed 6208K, reserved 1048576K
}
Event: 14.492 GC heap after
{Heap after GC invocations=13 (full 0):
 garbage-first heap   total 65536K, used 20392K [0x00000000a1a00000, 0x0000000100000000)
  region size 1024K, 3 young (3072K), 3 survivors (3072K)
 Metaspace       used 46898K, committed 47424K, reserved 1114112K
  class space    used 5953K, committed 6208K, reserved 1048576K
}
Event: 14.556 GC heap before
{Heap before GC invocations=13 (full 0):
 garbage-first heap   total 65536K, used 21416K [0x00000000a1a00000, 0x0000000100000000)
  region size 1024K, 4 young (4096K), 3 survivors (3072K)
 Metaspace       used 47236K, committed 47744K, reserved 1114112K
  class space    used 6042K, committed 6272K, reserved 1048576K
}
Event: 14.575 GC heap after
{Heap after GC invocations=14 (full 0):
 garbage-first heap   total 65536K, used 19774K [0x00000000a1a00000, 0x0000000100000000)
  region size 1024K, 1 young (1024K), 1 survivors (1024K)
 Metaspace       used 47236K, committed 47744K, reserved 1114112K
  class space    used 6042K, committed 6272K, reserved 1048576K
}
Event: 18.325 GC heap before
{Heap before GC invocations=14 (full 0):
 garbage-first heap   total 65536K, used 48446K [0x00000000a1a00000, 0x0000000100000000)
  region size 1024K, 30 young (30720K), 1 survivors (1024K)
 Metaspace       used 53393K, committed 53952K, reserved 1114112K
  class space    used 6907K, committed 7168K, reserved 1048576K
}
Event: 18.333 GC heap after
{Heap after GC invocations=15 (full 0):
 garbage-first heap   total 65536K, used 21569K [0x00000000a1a00000, 0x0000000100000000)
  region size 1024K, 2 young (2048K), 2 survivors (2048K)
 Metaspace       used 53393K, committed 53952K, reserved 1114112K
  class space    used 6907K, committed 7168K, reserved 1048576K
}

Dll operation events (14 events):
Event: 0.037 Loaded shared library C:\Users\Utente-PC\.jdks\openjdk-19.0.2\bin\java.dll
Event: 0.053 Loaded shared library C:\Users\Utente-PC\.jdks\openjdk-19.0.2\bin\jsvml.dll
Event: 0.361 Loaded shared library C:\Users\Utente-PC\.jdks\openjdk-19.0.2\bin\zip.dll
Event: 0.369 Loaded shared library C:\Users\Utente-PC\.jdks\openjdk-19.0.2\bin\instrument.dll
Event: 0.402 Loaded shared library C:\Users\Utente-PC\.jdks\openjdk-19.0.2\bin\net.dll
Event: 0.405 Loaded shared library C:\Users\Utente-PC\.jdks\openjdk-19.0.2\bin\nio.dll
Event: 0.412 Loaded shared library C:\Users\Utente-PC\.jdks\openjdk-19.0.2\bin\zip.dll
Event: 1.310 Loaded shared library C:\Users\Utente-PC\.jdks\openjdk-19.0.2\bin\jimage.dll
Event: 1.819 Loaded shared library C:\Program Files\JetBrains\IntelliJ IDEA Community Edition 2022.2.1\bin\breakgen64.dll
Event: 1.843 Loaded shared library C:\Users\Utente-PC\.jdks\openjdk-19.0.2\bin\extnet.dll
Event: 2.745 Loaded shared library C:\Users\Utente-PC\.jdks\openjdk-19.0.2\bin\management.dll
Event: 2.750 Loaded shared library C:\Users\Utente-PC\.jdks\openjdk-19.0.2\bin\management_ext.dll
Event: 4.918 Loaded shared library C:\Users\Utente-PC\.jdks\openjdk-19.0.2\bin\verify.dll
Event: 10.284 Loaded shared library C:\Users\Utente-PC\.jdks\openjdk-19.0.2\bin\sunmscapi.dll

Deoptimization events (20 events):
Event: 19.573 Thread 0x000001c2f7b05cc0 DEOPT PACKING pc=0x000001c2e6046508 sp=0x000000a7c14fdd10
Event: 19.573 Thread 0x000001c2f7b05cc0 DEOPT UNPACKING pc=0x000001c2e5a86d9d sp=0x000000a7c14fdc78 mode 2
Event: 19.703 Thread 0x000001c2f7b05cc0 Uncommon trap: trap_request=0xffffff45 fr.pc=0x000001c2e61e23e0 relative=0x0000000000000440
Event: 19.703 Thread 0x000001c2f7b05cc0 Uncommon trap: reason=unstable_if action=reinterpret pc=0x000001c2e61e23e0 method=org.springframework.beans.factory.support.DefaultSingletonBeanRegistry.getSingleton(Ljava/lang/String;Z)Ljava/lang/Object; @ 39 c2
Event: 19.703 Thread 0x000001c2f7b05cc0 DEOPT PACKING pc=0x000001c2e61e23e0 sp=0x000000a7c14fddd0
Event: 19.703 Thread 0x000001c2f7b05cc0 DEOPT UNPACKING pc=0x000001c2e5a86d9d sp=0x000000a7c14fdd58 mode 2
Event: 19.759 Thread 0x000001c2f7b05cc0 DEOPT PACKING pc=0x000001c2debde37b sp=0x000000a7c14fdea0
Event: 19.759 Thread 0x000001c2f7b05cc0 DEOPT UNPACKING pc=0x000001c2e5a87524 sp=0x000000a7c14fd360 mode 0
Event: 19.775 Thread 0x000001c2f7b05cc0 Uncommon trap: trap_request=0xffffffde fr.pc=0x000001c2e602ef88 relative=0x0000000000000148
Event: 19.775 Thread 0x000001c2f7b05cc0 Uncommon trap: reason=class_check action=maybe_recompile pc=0x000001c2e602ef88 method=org.springframework.boot.context.properties.source.ConfigurationPropertyName$Elements.charAt(II)C @ 43 c2
Event: 19.775 Thread 0x000001c2f7b05cc0 DEOPT PACKING pc=0x000001c2e602ef88 sp=0x000000a7c14fb610
Event: 19.775 Thread 0x000001c2f7b05cc0 DEOPT UNPACKING pc=0x000001c2e5a86d9d sp=0x000000a7c14fb588 mode 2
Event: 19.775 Thread 0x000001c2f7b05cc0 Uncommon trap: trap_request=0xffffffde fr.pc=0x000001c2e602ef88 relative=0x0000000000000148
Event: 19.775 Thread 0x000001c2f7b05cc0 Uncommon trap: reason=class_check action=maybe_recompile pc=0x000001c2e602ef88 method=org.springframework.boot.context.properties.source.ConfigurationPropertyName$Elements.charAt(II)C @ 43 c2
Event: 19.775 Thread 0x000001c2f7b05cc0 DEOPT PACKING pc=0x000001c2e602ef88 sp=0x000000a7c14fb610
Event: 19.775 Thread 0x000001c2f7b05cc0 DEOPT UNPACKING pc=0x000001c2e5a86d9d sp=0x000000a7c14fb588 mode 2
Event: 19.827 Thread 0x000001c2f7b05cc0 Uncommon trap: trap_request=0xfffffff4 fr.pc=0x000001c2e60e959c relative=0x000000000000025c
Event: 19.827 Thread 0x000001c2f7b05cc0 Uncommon trap: reason=null_check action=make_not_entrant pc=0x000001c2e60e959c method=org.springframework.util.ClassUtils.isAssignable(Ljava/lang/Class;Ljava/lang/Class;)Z @ 14 c2
Event: 19.827 Thread 0x000001c2f7b05cc0 DEOPT PACKING pc=0x000001c2e60e959c sp=0x000000a7c14fe230
Event: 19.827 Thread 0x000001c2f7b05cc0 DEOPT UNPACKING pc=0x000001c2e5a86d9d sp=0x000000a7c14fe1c0 mode 2

Classes loaded (20 events):
Event: 18.932 Loading class java/util/EnumMap$EntrySet
Event: 18.932 Loading class java/util/EnumMap$EntrySet done
Event: 18.933 Loading class java/util/EnumMap$EntryIterator
Event: 18.933 Loading class java/util/EnumMap$EnumMapIterator
Event: 18.933 Loading class java/util/EnumMap$EnumMapIterator done
Event: 18.933 Loading class java/util/EnumMap$EntryIterator done
Event: 18.940 Loading class java/lang/reflect/MalformedParametersException
Event: 18.940 Loading class java/lang/reflect/MalformedParametersException done
Event: 19.003 Loading class java/util/concurrent/ConcurrentHashMap$TreeNode
Event: 19.003 Loading class java/util/concurrent/ConcurrentHashMap$TreeNode done
Event: 19.003 Loading class java/util/concurrent/ConcurrentHashMap$TreeBin
Event: 19.004 Loading class java/util/concurrent/ConcurrentHashMap$TreeBin done
Event: 19.258 Loading class java/nio/charset/UnsupportedCharsetException
Event: 19.258 Loading class java/nio/charset/UnsupportedCharsetException done
Event: 19.456 Loading class java/util/regex/PatternSyntaxException
Event: 19.457 Loading class java/util/regex/PatternSyntaxException done
Event: 19.474 Loading class java/util/Comparators$NullComparator
Event: 19.474 Loading class java/util/Comparators$NullComparator done
Event: 19.508 Loading class java/util/HashMap$EntrySpliterator
Event: 19.509 Loading class java/util/HashMap$EntrySpliterator done

Classes unloaded (0 events):
No events

Classes redefined (0 events):
No events

Internal exceptions (20 events):
Event: 15.147 Thread 0x000001c2f7b05cc0 Exception <a 'java/lang/NoSuchMethodError'{0x00000000a5247ba0}: 'long java.lang.invoke.DelegatingMethodHandle$Holder.reinvoke_L(java.lang.Object, java.lang.Object)'> (0x00000000a5247ba0) 
thrown [s\open\src\hotspot\share\interpreter\linkResolver.cpp, line 774]
Event: 15.148 Thread 0x000001c2f7b05cc0 Exception <a 'java/lang/NoSuchMethodError'{0x00000000a5252400}: 'void java.lang.invoke.DelegatingMethodHandle$Holder.reinvoke_L(java.lang.Object, java.lang.Object, long)'> (0x00000000a5252400) 
thrown [s\open\src\hotspot\share\interpreter\linkResolver.cpp, line 774]
Event: 15.150 Thread 0x000001c2f7b05cc0 Exception <a 'java/lang/NoSuchMethodError'{0x00000000a52596f8}: 'long java.lang.invoke.Invokers$Holder.invokeExact_MT(java.lang.Object, java.lang.Object, java.lang.Object)'> (0x00000000a52596f8) 
thrown [s\open\src\hotspot\share\interpreter\linkResolver.cpp, line 774]
Event: 15.254 Thread 0x000001c2f7b05cc0 Exception <a 'java/lang/NoSuchMethodError'{0x00000000a5023328}: 'void java.lang.invoke.DirectMethodHandle$Holder.invokeSpecial(java.lang.Object, java.lang.Object, java.lang.Object, java.lang.Object, java.lang.Object, java.lang.Object, java.lang.Object, java.lang.Object)'> (0x00000000a5023328) 
thrown [s\open\src\hotspot\share\interpreter\linkResolver.cpp, line 774]
Event: 15.258 Thread 0x000001c2f7b05cc0 Exception <a 'java/lang/NoSuchMethodError'{0x00000000a5046370}: 'java.lang.Object java.lang.invoke.DirectMethodHandle$Holder.newInvokeSpecial(java.lang.Object, java.lang.Object, java.lang.Object, java.lang.Object, java.lang.Object, java.lang.Object, java.lang.Object, int)'> (0x00000000a5046370) 
thrown [s\open\src\hotspot\share\interpreter\linkResolver.cpp, line 774]
Event: 15.260 Thread 0x000001c2f7b05cc0 Exception <a 'java/lang/NoSuchMethodError'{0x00000000a504b5d8}: 'java.lang.Object java.lang.invoke.DirectMethodHandle$Holder.invokeSpecial(java.lang.Object, java.lang.Object, java.lang.Object, java.lang.Object, java.lang.Object, java.lang.Object, java.lang.Object, java.lang.Object, int)'> (0x00000000a504b5d8) 
thrown [s\open\src\hotspot\share\interpreter\linkResolver.cpp, line 774]
Event: 15.313 Thread 0x000001c2f7b05cc0 Exception <a 'java/lang/NoSuchMethodError'{0x00000000a4f7a6a8}: 'void java.lang.invoke.DirectMethodHandle$Holder.invokeInterface(java.lang.Object, java.lang.Object)'> (0x00000000a4f7a6a8) 
thrown [s\open\src\hotspot\share\interpreter\linkResolver.cpp, line 774]
Event: 15.399 Thread 0x000001c2f7b05cc0 Exception <a 'java/lang/NoSuchMethodError'{0x00000000a4efa1e0}: 'java.lang.Object java.lang.invoke.DirectMethodHandle$Holder.newInvokeSpecial(java.lang.Object, java.lang.Object, java.lang.Object, java.lang.Object, java.lang.Object, java.lang.Object, java.lang.Object)'> (0x00000000a4efa1e0) 
thrown [s\open\src\hotspot\share\interpreter\linkResolver.cpp, line 774]
Event: 15.556 Thread 0x000001c2f7b05cc0 Exception <a 'java/lang/NoSuchMethodError'{0x00000000a4b5ca38}: 'void java.lang.invoke.Invokers$Holder.invokeExact_MT(java.lang.Object, java.lang.Object, java.lang.Object, java.lang.Object)'> (0x00000000a4b5ca38) 
thrown [s\open\src\hotspot\share\interpreter\linkResolver.cpp, line 774]
Event: 15.771 Thread 0x000001c2f7b05cc0 Implicit null exception at 0x000001c2e61a624b to 0x000001c2e61a6444
Event: 17.449 Thread 0x000001c2f7b05cc0 Exception <a 'java/lang/IncompatibleClassChangeError'{0x00000000a4711bd8}: Found class java.lang.Object, but interface was expected> (0x00000000a4711bd8) 
thrown [s\open\src\hotspot\share\interpreter\linkResolver.cpp, line 841]
Event: 17.589 Thread 0x000001c2f7b05cc0 Exception <a 'java/lang/IncompatibleClassChangeError'{0x00000000a4673c78}: Found class java.lang.Object, but interface was expected> (0x00000000a4673c78) 
thrown [s\open\src\hotspot\share\interpreter\linkResolver.cpp, line 841]
Event: 18.071 Thread 0x000001c2f7b05cc0 Exception <a 'java/lang/IncompatibleClassChangeError'{0x00000000a40b1710}: Found class java.lang.Object, but interface was expected> (0x00000000a40b1710) 
thrown [s\open\src\hotspot\share\interpreter\linkResolver.cpp, line 841]
Event: 18.089 Thread 0x000001c2f7b05cc0 Exception <a 'java/lang/NoSuchMethodError'{0x00000000a40f12f0}: 'void java.lang.invoke.DirectMethodHandle$Holder.invokeSpecial(java.lang.Object, java.lang.Object, java.lang.Object, java.lang.Object, java.lang.Object, java.lang.Object, java.lang.Object)'> (0x00000000a40f12f0) 
thrown [s\open\src\hotspot\share\interpreter\linkResolver.cpp, line 774]
Event: 18.632 Thread 0x000001c2f7b05cc0 Exception <a 'java/lang/NoSuchMethodError'{0x00000000a57b9f28}: 'java.lang.Object java.lang.invoke.DirectMethodHandle$Holder.newInvokeSpecial(java.lang.Object, java.lang.Object, java.lang.Object, java.lang.Object, java.lang.Object, java.lang.Object, java.lang.Object, java.lang.Object)'> (0x00000000a57b9f28) 
thrown [s\open\src\hotspot\share\interpreter\linkResolver.cpp, line 774]
Event: 19.004 Thread 0x000001c2f7b05cc0 Exception <a 'java/lang/IncompatibleClassChangeError'{0x00000000a522ed40}: Found class java.lang.Object, but interface was expected> (0x00000000a522ed40) 
thrown [s\open\src\hotspot\share\interpreter\linkResolver.cpp, line 841]
Event: 19.164 Thread 0x000001c2f7b05cc0 Exception <a 'java/lang/NoSuchMethodError'{0x00000000a5021210}: 'void java.lang.invoke.DirectMethodHandle$Holder.invokeVirtual(java.lang.Object, java.lang.Object, long)'> (0x00000000a5021210) 
thrown [s\open\src\hotspot\share\interpreter\linkResolver.cpp, line 774]
Event: 19.569 Thread 0x000001c2f7b05cc0 Exception <a 'java/lang/IncompatibleClassChangeError'{0x00000000a4b524d8}: Found class java.lang.Object, but interface was expected> (0x00000000a4b524d8) 
thrown [s\open\src\hotspot\share\interpreter\linkResolver.cpp, line 841]
Event: 19.693 Thread 0x000001c2f7b05cc0 Exception <a 'java/lang/NoSuchMethodError'{0x00000000a4ae7538}: 'int java.lang.invoke.DirectMethodHandle$Holder.invokeStaticInit(java.lang.Object, java.lang.Object, java.lang.Object, java.lang.Object)'> (0x00000000a4ae7538) 
thrown [s\open\src\hotspot\share\interpreter\linkResolver.cpp, line 774]
Event: 19.827 Thread 0x000001c2f7b05cc0 Implicit null exception at 0x000001c2e60e935a to 0x000001c2e60e9588

VM Operations (20 events):
Event: 18.325 Executing VM operation: G1CollectForAllocation
Event: 18.333 Executing VM operation: G1CollectForAllocation done
Event: 18.790 Executing VM operation: HandshakeAllThreads
Event: 18.790 Executing VM operation: HandshakeAllThreads done
Event: 19.092 Executing VM operation: ICBufferFull
Event: 19.092 Executing VM operation: ICBufferFull done
Event: 19.239 Executing VM operation: HandshakeAllThreads
Event: 19.239 Executing VM operation: HandshakeAllThreads done
Event: 19.277 Executing VM operation: HandshakeAllThreads
Event: 19.298 Executing VM operation: HandshakeAllThreads done
Event: 19.327 Executing VM operation: HandshakeAllThreads
Event: 19.327 Executing VM operation: HandshakeAllThreads done
Event: 19.345 Executing VM operation: HandshakeAllThreads
Event: 19.345 Executing VM operation: HandshakeAllThreads done
Event: 19.356 Executing VM operation: HandshakeAllThreads
Event: 19.357 Executing VM operation: HandshakeAllThreads done
Event: 19.505 Executing VM operation: HandshakeAllThreads
Event: 19.505 Executing VM operation: HandshakeAllThreads done
Event: 19.646 Executing VM operation: ICBufferFull
Event: 19.646 Executing VM operation: ICBufferFull done

Events (20 events):
Event: 19.353 Thread 0x000001c2f2dd06d0 flushing nmethod 0x000001c2dec0a510
Event: 19.353 Thread 0x000001c2f2dd06d0 flushing nmethod 0x000001c2dec20890
Event: 19.353 Thread 0x000001c2f2dd06d0 flushing nmethod 0x000001c2dec2e410
Event: 19.353 Thread 0x000001c2f2dd06d0 flushing nmethod 0x000001c2dec30f10
Event: 19.353 Thread 0x000001c2f2dd06d0 flushing nmethod 0x000001c2dec31290
Event: 19.353 Thread 0x000001c2f2dd06d0 flushing nmethod 0x000001c2dec32810
Event: 19.353 Thread 0x000001c2f2dd06d0 flushing nmethod 0x000001c2dec33390
Event: 19.353 Thread 0x000001c2f2dd06d0 flushing nmethod 0x000001c2dec34010
Event: 19.353 Thread 0x000001c2f2dd06d0 flushing nmethod 0x000001c2dec35790
Event: 19.353 Thread 0x000001c2f2dd06d0 flushing nmethod 0x000001c2dec43890
Event: 19.353 Thread 0x000001c2f2dd06d0 flushing nmethod 0x000001c2dec48e10
Event: 19.353 Thread 0x000001c2f2dd06d0 flushing nmethod 0x000001c2dec99290
Event: 19.353 Thread 0x000001c2f2dd06d0 flushing nmethod 0x000001c2deca4990
Event: 19.354 Thread 0x000001c2f2dd06d0 flushing nmethod 0x000001c2deccc810
Event: 19.354 Thread 0x000001c2f2dd06d0 flushing nmethod 0x000001c2decd3890
Event: 19.354 Thread 0x000001c2f2dd06d0 flushing nmethod 0x000001c2decd5610
Event: 19.354 Thread 0x000001c2f2dd06d0 flushing nmethod 0x000001c2ded8d310
Event: 19.354 Thread 0x000001c2f2dd06d0 flushing nmethod 0x000001c2dedbde10
Event: 19.355 Thread 0x000001c2f2dd06d0 flushing nmethod 0x000001c2dedff290
Event: 19.355 Thread 0x000001c2f2dd06d0 flushing nmethod 0x000001c2dee03890


Dynamic libraries:
0x00007ff698db0000 - 0x00007ff698dbe000 	C:\Users\Utente-PC\.jdks\openjdk-19.0.2\bin\java.exe
0x00007ffad3eb0000 - 0x00007ffad40a8000 	C:\Windows\SYSTEM32\ntdll.dll
0x00007ffad3900000 - 0x00007ffad39bf000 	C:\Windows\System32\KERNEL32.DLL
0x00007ffad1740000 - 0x00007ffad1a1a000 	C:\Windows\System32\KERNELBASE.dll
0x00007ffad1a20000 - 0x00007ffad1b20000 	C:\Windows\System32\ucrtbase.dll
0x00007ffacb180000 - 0x00007ffacb197000 	C:\Users\Utente-PC\.jdks\openjdk-19.0.2\bin\jli.dll
0x00007ffad3c40000 - 0x00007ffad3ddd000 	C:\Windows\System32\USER32.dll
0x00007ffad1d10000 - 0x00007ffad1d32000 	C:\Windows\System32\win32u.dll
0x00007ffad2960000 - 0x00007ffad298b000 	C:\Windows\System32\GDI32.dll
0x00007ffad1d40000 - 0x00007ffad1e50000 	C:\Windows\System32\gdi32full.dll
0x00007ffad16a0000 - 0x00007ffad173d000 	C:\Windows\System32\msvcp_win.dll
0x00007ffacb160000 - 0x00007ffacb17b000 	C:\Users\Utente-PC\.jdks\openjdk-19.0.2\bin\VCRUNTIME140.dll
0x00007ffabeda0000 - 0x00007ffabf03a000 	C:\Windows\WinSxS\amd64_microsoft.windows.common-controls_6595b64144ccf1df_6.0.19041.1110_none_60b5254171f9507e\COMCTL32.dll
0x00007ffad3a50000 - 0x00007ffad3aee000 	C:\Windows\System32\msvcrt.dll
0x00007ffad3e40000 - 0x00007ffad3e70000 	C:\Windows\System32\IMM32.DLL
0x00007ffacc060000 - 0x00007ffacc06c000 	C:\Users\Utente-PC\.jdks\openjdk-19.0.2\bin\vcruntime140_1.dll
0x00007ffab3780000 - 0x00007ffab380e000 	C:\Users\Utente-PC\.jdks\openjdk-19.0.2\bin\msvcp140.dll
0x00007ffa8f5a0000 - 0x00007ffa90260000 	C:\Users\Utente-PC\.jdks\openjdk-19.0.2\bin\server\jvm.dll
0x00007ffad2380000 - 0x00007ffad242e000 	C:\Windows\System32\ADVAPI32.dll
0x00007ffad3610000 - 0x00007ffad36ac000 	C:\Windows\System32\sechost.dll
0x00007ffad34c0000 - 0x00007ffad35e6000 	C:\Windows\System32\RPCRT4.dll
0x00007ffacecc0000 - 0x00007ffacecc9000 	C:\Windows\SYSTEM32\WSOCK32.dll
0x00007ffad3af0000 - 0x00007ffad3b5b000 	C:\Windows\System32\WS2_32.dll
0x00007ffac2750000 - 0x00007ffac2777000 	C:\Windows\SYSTEM32\WINMM.dll
0x00007ffac2ac0000 - 0x00007ffac2aca000 	C:\Windows\SYSTEM32\VERSION.dll
0x00007ffacf3a0000 - 0x00007ffacf3b2000 	C:\Windows\SYSTEM32\kernel.appcore.dll
0x00007ffacb150000 - 0x00007ffacb15a000 	C:\Users\Utente-PC\.jdks\openjdk-19.0.2\bin\jimage.dll
0x00007ffac0ae0000 - 0x00007ffac0cc4000 	C:\Windows\SYSTEM32\DBGHELP.DLL
0x00007ffac0200000 - 0x00007ffac0234000 	C:\Windows\SYSTEM32\dbgcore.DLL
0x00007ffad1c80000 - 0x00007ffad1d02000 	C:\Windows\System32\bcryptPrimitives.dll
0x00007ffaccec0000 - 0x00007ffaccece000 	C:\Users\Utente-PC\.jdks\openjdk-19.0.2\bin\instrument.dll
0x00007ffabd180000 - 0x00007ffabd1a6000 	C:\Users\Utente-PC\.jdks\openjdk-19.0.2\bin\java.dll
0x00007ffab3290000 - 0x00007ffab3367000 	C:\Users\Utente-PC\.jdks\openjdk-19.0.2\bin\jsvml.dll
0x00007ffad2cf0000 - 0x00007ffad3434000 	C:\Windows\System32\SHELL32.dll
0x00007ffacf680000 - 0x00007ffacfe13000 	C:\Windows\SYSTEM32\windows.storage.dll
0x00007ffad2990000 - 0x00007ffad2ce4000 	C:\Windows\System32\combase.dll
0x00007ffad0f40000 - 0x00007ffad0f6e000 	C:\Windows\SYSTEM32\Wldp.dll
0x00007ffad2790000 - 0x00007ffad283d000 	C:\Windows\System32\SHCORE.dll
0x00007ffad25f0000 - 0x00007ffad2645000 	C:\Windows\System32\shlwapi.dll
0x00007ffad1500000 - 0x00007ffad151f000 	C:\Windows\SYSTEM32\profapi.dll
0x00007ffaba9c0000 - 0x00007ffaba9d8000 	C:\Users\Utente-PC\.jdks\openjdk-19.0.2\bin\zip.dll
0x00007ffabbd60000 - 0x00007ffabbd73000 	C:\Users\Utente-PC\.jdks\openjdk-19.0.2\bin\net.dll
0x00007ffac9410000 - 0x00007ffac951a000 	C:\Windows\SYSTEM32\WINHTTP.dll
0x00007ffad0ca0000 - 0x00007ffad0d0a000 	C:\Windows\system32\mswsock.dll
0x00007ffabb8b0000 - 0x00007ffabb8c6000 	C:\Users\Utente-PC\.jdks\openjdk-19.0.2\bin\nio.dll
0x00007ffac1c40000 - 0x00007ffac1c5a000 	C:\Program Files\JetBrains\IntelliJ IDEA Community Edition 2022.2.1\bin\breakgen64.dll
0x00007ffacb140000 - 0x00007ffacb148000 	C:\Users\Utente-PC\.jdks\openjdk-19.0.2\bin\extnet.dll
0x00007ffacc010000 - 0x00007ffacc01a000 	C:\Users\Utente-PC\.jdks\openjdk-19.0.2\bin\management.dll
0x00007ffaca0a0000 - 0x00007ffaca0ab000 	C:\Users\Utente-PC\.jdks\openjdk-19.0.2\bin\management_ext.dll
0x00007ffad36b0000 - 0x00007ffad36b8000 	C:\Windows\System32\PSAPI.DLL
0x00007ffabd060000 - 0x00007ffabd070000 	C:\Users\Utente-PC\.jdks\openjdk-19.0.2\bin\verify.dll
0x00007ffad0e90000 - 0x00007ffad0ea8000 	C:\Windows\SYSTEM32\CRYPTSP.dll
0x00007ffad05c0000 - 0x00007ffad05f4000 	C:\Windows\system32\rsaenh.dll
0x00007ffad15c0000 - 0x00007ffad15e7000 	C:\Windows\System32\bcrypt.dll
0x00007ffad14c0000 - 0x00007ffad14ee000 	C:\Windows\SYSTEM32\USERENV.dll
0x00007ffad0eb0000 - 0x00007ffad0ebc000 	C:\Windows\SYSTEM32\CRYPTBASE.dll
0x00007ffad0990000 - 0x00007ffad09cc000 	C:\Windows\SYSTEM32\IPHLPAPI.DLL
0x00007ffad2780000 - 0x00007ffad2788000 	C:\Windows\System32\NSI.dll
0x00007ffac99e0000 - 0x00007ffac99f7000 	C:\Windows\SYSTEM32\dhcpcsvc6.DLL
0x00007ffaca7d0000 - 0x00007ffaca7ed000 	C:\Windows\SYSTEM32\dhcpcsvc.DLL
0x00007ffad09d0000 - 0x00007ffad0a9b000 	C:\Windows\SYSTEM32\DNSAPI.dll
0x00007ffabc610000 - 0x00007ffabc61e000 	C:\Users\Utente-PC\.jdks\openjdk-19.0.2\bin\sunmscapi.dll
0x00007ffad1b20000 - 0x00007ffad1c76000 	C:\Windows\System32\CRYPT32.dll
0x00007ffad0fb0000 - 0x00007ffad0fd8000 	C:\Windows\SYSTEM32\ncrypt.dll
0x00007ffad0f70000 - 0x00007ffad0fab000 	C:\Windows\SYSTEM32\NTASN1.dll

dbghelp: loaded successfully - version: 4.0.5 - missing functions: none
symbol engine: initialized successfully - sym options: 0x614 - pdb path: .;C:\Users\Utente-PC\.jdks\openjdk-19.0.2\bin;C:\Windows\SYSTEM32;C:\Windows\WinSxS\amd64_microsoft.windows.common-controls_6595b64144ccf1df_6.0.19041.1110_none_60b5254171f9507e;C:\Users\Utente-PC\.jdks\openjdk-19.0.2\bin\server;C:\Program Files\JetBrains\IntelliJ IDEA Community Edition 2022.2.1\bin

VM Arguments:
jvm_args: -javaagent:C:\Program Files\JetBrains\IntelliJ IDEA Community Edition 2022.2.1\lib\idea_rt.jar=50722:C:\Program Files\JetBrains\IntelliJ IDEA Community Edition 2022.2.1\bin -Dfile.encoding=UTF-8 -Dsun.stdout.encoding=UTF-8 -Dsun.stderr.encoding=UTF-8 
java_command: com.example.fileupdown.FileUpDownApplication
java_class_path (initial): C:\Users\Utente-PC\Documents\Develhope\file-up-down\file-up-down\target\classes;C:\Users\Utente-PC\.m2\repository\org\springframework\boot\spring-boot-starter-data-jpa\3.0.6\spring-boot-starter-data-jpa-3.0.6.jar;C:\Users\Utente-PC\.m2\repository\org\springframework\boot\spring-boot-starter-aop\3.0.6\spring-boot-starter-aop-3.0.6.jar;C:\Users\Utente-PC\.m2\repository\org\springframework\spring-aop\6.0.8\spring-aop-6.0.8.jar;C:\Users\Utente-PC\.m2\repository\org\aspectj\aspectjweaver\1.9.19\aspectjweaver-1.9.19.jar;C:\Users\Utente-PC\.m2\repository\org\springframework\boot\spring-boot-starter-jdbc\3.0.6\spring-boot-starter-jdbc-3.0.6.jar;C:\Users\Utente-PC\.m2\repository\com\zaxxer\HikariCP\5.0.1\HikariCP-5.0.1.jar;C:\Users\Utente-PC\.m2\repository\org\springframework\spring-jdbc\6.0.8\spring-jdbc-6.0.8.jar;C:\Users\Utente-PC\.m2\repository\org\hibernate\orm\hibernate-core\6.1.7.Final\hibernate-core-6.1.7.Final.jar;C:\Users\Utente-PC\.m2\repository\jakarta\persistence\jakarta.persistence-api\3.1.0\jakarta.persistence-api-3.1.0.jar;C:\Users\Utente-PC\.m2\repository\jakarta\transaction\jakarta.transaction-api\2.0.1\jakarta.transaction-api-2.0.1.jar;C:\Users\Utente-PC\.m2\repository\org\jboss\logging\jboss-logging\3.5.0.Final\jboss-logging-3.5.0.Final.jar;C:\Users\Utente-PC\.m2\repository\org\hibernate\common\hibernate-commons-annotations\6.0.6.Final\hibernate-commons-annotations-6.0.6.Final.jar;C:\Users\Utente-PC\.m2\repository\org\jboss\jandex\2.4.2.Final\jandex-2.4.2.Final.jar;C:\Users\Utente-PC\.m2\repository\com\fasterxml\classmate\1.5.1\classmate-1.5.1.jar;C:\Users\Utente-PC\.m2\repository\net\bytebuddy\byte-buddy\1.12.23\byte-buddy-1.12.23.jar;C:\Users\Utente-PC\.m2\repository\org\glassfish\jaxb\jaxb-runtime\4.0.2\jaxb-runtime-4.0.2.jar;C:\Users\Utente-PC\.m2\repository\org\glassfish\jaxb\jaxb-core\4.0.2\jaxb-core-4.0.2.jar;C:\Users\Utente-PC\.m2\repository\org\eclipse\angus\angus-activation\2.0.0\angus-activation-2.0.0.jar;C:\Users\Utente-PC\.m2\repository\org\glassfish\jaxb\txw2\4.0.2\txw2-4.0.2.jar;C:\Users\Utente-PC\.m2\repository\com\sun\istack\istack-commons-runtime\4.1.1\istack-commons-runtime-4.1.1.jar;C:\Users\Utente-PC\.m2\repository\jakarta\inject\jakarta.inject-api\2.0.0\jakarta.inject-api-2.0.0.jar;C:\Users\Utente-PC\.m2\repository\org\antlr\antlr4-runtime\4.10.1\antlr4-runtime-4.10.1.jar;C:\Users\Utente-PC\.m2\repository\org\springframework\data\spring-data-jpa\3.0.5\spring-data-jpa-3.0.5.jar;C:\Users\Utente-PC\.m2\repository\org\springframework\data\spring-data-commons\3.0.5\spring-data-commons-3.0.5.jar;C:\Users\Utente-PC\.m2\repository\org\springframework\spring-orm\6.0.8\spring-orm-6.0.8.jar;C:\Users\Utente-PC\.m2\repository\org\springframework\spring-context\6.0.8\spring-context-6.0.8.jar;C:\Users\Utente-PC\.m2\repository\org\springframework\spring-tx\6.0.8\spring-tx-6.0.8.jar;C:\Users\Utente-PC\.m2\repository\org\springframework\spring-beans\6.0.8\spring-beans-6.0.8.jar;C:\Users\Utente-PC\.m2\repository\jakarta\annotation\jakarta.annotation-api\2.1.1\jakarta.annotation-api-2.1.1.jar;C:\Users\Utente-PC\.m2\repository\org\slf4j\slf4j-api\2.0.7\slf4j-api-2.0.7.jar;C:\Users\Utente-PC\.m2\repository\org\springframework\spring-aspects\6.0.8\spring-aspects-6.0.8.jar;C:\Users\Utente-PC\.m2\repository\org\springframework\boot\spring-boot-starter-web\3.0.6\spring-boot-starter-web-3.0.6.jar;C:\Users\Utente-PC\.m2\repository\org\springframework\boot\spring-boot-starter\3.0.6\spring-boot-starter-3.0.6.jar;C:\Users\Utente-PC\.m2\repository\org\springframework\boot\spring-boot-starter-logging\3.0.6\spring-boot-starter-logging-3.0.6.jar;C:\Users\Utente-PC\.m2\repository\ch\qos\logback\logback-classic\1.4.7\logback-classic-1.4.7.jar;C:\Users\Utente-PC\.m2\repository\ch\qos\logback\logback-core\1.4.7\logback-core-1.4.7.jar;C:\Users\Utente-PC\.m2\repository\org\apache\logging\log4j\log4j-to-slf4j\2.19.0\log4j-to-slf4j-2.19.0.jar;C:\Users\Utente-PC\.m2\repository\org\apache\logging\log4j\log4j-api\2.19.0\log4j-api-2.19.0.jar;C:\Users\Utente-PC\.m2\repository\org\slf4j\jul-to-slf4j\2.0.7\jul-to-slf4j-2.0.7.jar;C:\Users\Utente-PC\.m2\repository\org\yaml\snakeyaml\1.33\snakeyaml-1.33.jar;C:\Users\Utente-PC\.m2\repository\org\springframework\boot\spring-boot-starter-json\3.0.6\spring-boot-starter-json-3.0.6.jar;C:\Users\Utente-PC\.m2\repository\com\fasterxml\jackson\core\jackson-databind\2.14.2\jackson-databind-2.14.2.jar;C:\Users\Utente-PC\.m2\repository\com\fasterxml\jackson\core\jackson-annotations\2.14.2\jackson-annotations-2.14.2.jar;C:\Users\Utente-PC\.m2\repository\com\fasterxml\jackson\core\jackson-core\2.14.2\jackson-core-2.14.2.jar;C:\Users\Utente-PC\.m2\repository\com\fasterxml\jackson\datatype\jackson-datatype-jdk8\2.14.2\jackson-datatype-jdk8-2.14.2.jar;C:\Users\Utente-PC\.m2\repository\com\fasterxml\jackson\datatype\jackson-datatype-jsr310\2.14.2\jackson-datatype-jsr310-2.14.2.jar;C:\Users\Utente-PC\.m2\repository\com\fasterxml\jackson\module\jackson-module-parameter-names\2.14.2\jackson-module-parameter-names-2.14.2.jar;C:\Users\Utente-PC\.m2\repository\org\springframework\boot\spring-boot-starter-tomcat\3.0.6\spring-boot-starter-tomcat-3.0.6.jar;C:\Users\Utente-PC\.m2\repository\org\apache\tomcat\embed\tomcat-embed-core\10.1.8\tomcat-embed-core-10.1.8.jar;C:\Users\Utente-PC\.m2\repository\org\apache\tomcat\embed\tomcat-embed-el\10.1.8\tomcat-embed-el-10.1.8.jar;C:\Users\Utente-PC\.m2\repository\org\apache\tomcat\embed\tomcat-embed-websocket\10.1.8\tomcat-embed-websocket-10.1.8.jar;C:\Users\Utente-PC\.m2\repository\org\springframework\spring-web\6.0.8\spring-web-6.0.8.jar;C:\Users\Utente-PC\.m2\repository\io\micrometer\micrometer-observation\1.10.6\micrometer-observation-1.10.6.jar;C:\Users\Utente-PC\.m2\repository\io\micrometer\micrometer-commons\1.10.6\micrometer-commons-1.10.6.jar;C:\Users\Utente-PC\.m2\repository\org\springframework\spring-webmvc\6.0.8\spring-webmvc-6.0.8.jar;C:\Users\Utente-PC\.m2\repository\org\springframework\spring-expression\6.0.8\spring-expression-6.0.8.jar;C:\Users\Utente-PC\.m2\repository\org\springframework\boot\spring-boot-devtools\3.0.6\spring-boot-devtools-3.0.6.jar;C:\Users\Utente-PC\.m2\repository\org\springframework\boot\spring-boot\3.0.6\spring-boot-3.0.6.jar;C:\Users\Utente-PC\.m2\repository\org\springframework\boot\spring-boot-autoconfigure\3.0.6\spring-boot-autoconfigure-3.0.6.jar;C:\Users\Utente-PC\.m2\repository\com\h2database\h2\2.1.214\h2-2.1.214.jar;C:\Users\Utente-PC\.m2\repository\org\projectlombok\lombok\1.18.26\lombok-1.18.26.jar;C:\Users\Utente-PC\.m2\repository\commons-io\commons-io\2.11.0\commons-io-2.11.0.jar;C:\Users\Utente-PC\.m2\repository\jakarta\xml\bind\jakarta.xml.bind-api\4.0.0\jakarta.xml.bind-api-4.0.0.jar;C:\Users\Utente-PC\.m2\repository\jakarta\activation\jakarta.activation-api\2.1.1\jakarta.activation-api-2.1.1.jar;C:\Users\Utente-PC\.m2\repository\org\springframework\spring-core\6.0.8\spring-core-6.0.8.jar;C:\Users\Utente-PC\.m2\repository\org\springframework\spring-jcl\6.0.8\spring-jcl-6.0.8.jar
Launcher Type: SUN_STANDARD

[Global flags]
     intx CICompilerCount                          = 2                                         {product} {ergonomic}
     uint ConcGCThreads                            = 1                                         {product} {ergonomic}
     uint G1ConcRefinementThreads                  = 2                                         {product} {ergonomic}
   size_t G1HeapRegionSize                         = 1048576                                   {product} {ergonomic}
    uintx GCDrainStackTargetSize                   = 64                                        {product} {ergonomic}
   size_t InitialHeapSize                          = 100663296                                 {product} {ergonomic}
   size_t MarkStackSize                            = 4194304                                   {product} {ergonomic}
   size_t MaxHeapSize                              = 1583349760                                {product} {ergonomic}
   size_t MaxNewSize                               = 950009856                                 {product} {ergonomic}
   size_t MinHeapDeltaBytes                        = 1048576                                   {product} {ergonomic}
   size_t MinHeapSize                              = 8388608                                   {product} {ergonomic}
    uintx NonNMethodCodeHeapSize                   = 5826188                                {pd product} {ergonomic}
    uintx NonProfiledCodeHeapSize                  = 122916026                              {pd product} {ergonomic}
    uintx ProfiledCodeHeapSize                     = 122916026                              {pd product} {ergonomic}
    uintx ReservedCodeCacheSize                    = 251658240                              {pd product} {ergonomic}
     bool SegmentedCodeCache                       = true                                      {product} {ergonomic}
   size_t SoftMaxHeapSize                          = 1583349760                             {manageable} {ergonomic}
     bool UseCompressedClassPointers               = true                           {product lp64_product} {ergonomic}
     bool UseCompressedOops                        = true                           {product lp64_product} {ergonomic}
     bool UseG1GC                                  = true                                      {product} {ergonomic}
     bool UseLargePagesIndividualAllocation        = false                                  {pd product} {ergonomic}

Logging:
Log output configuration:
 #0: stdout all=warning uptime,level,tags foldmultilines=false
 #1: stderr all=off uptime,level,tags foldmultilines=false

Environment Variables:
PATH=C:\Program Files\Common Files\Oracle\Java\javapath;C:\Program Files (x86)\NVIDIA Corporation\PhysX\Common;C:\Windows\system32;C:\Windows;C:\Windows\System32\Wbem;C:\Windows\System32\WindowsPowerShell\v1.0\;C:\Program Files\nodejs\;C:\Program Files\Git\cmd;C:\Program Files\MySQL\MySQL Shell 8.0\bin\;C:\Users\Utente-PC\AppData\Local\Microsoft\WindowsApps;;C:\Users\Utente-PC\AppData\Local\Programs\Microsoft VS Code\bin;C:\Users\Utente-PC\AppData\Roaming\npm
USERNAME=Utente-PC
OS=Windows_NT
PROCESSOR_IDENTIFIER=Intel64 Family 6 Model 42 Stepping 7, GenuineIntel
TMP=C:\Users\UTENTE~1\AppData\Local\Temp
TEMP=C:\Users\UTENTE~1\AppData\Local\Temp



---------------  S Y S T E M  ---------------

OS:
 Windows 10 , 64 bit Build 19041 (10.0.19041.2788)
OS uptime: 0 days 5:11 hours

CPU: total 2 (initial active 2) (2 cores per cpu, 1 threads per core) family 6 model 42 stepping 7 microcode 0x2f, cx8, cmov, fxsr, mmx, sse, sse2, sse3, ssse3, sse4.1, sse4.2, popcnt, tsc, tscinvbit, clmul, clflush, rdtscp

Memory: 4k page, system-wide physical 6033M (653M free)
TotalPageFile size 6033M (AvailPageFile size 5M)
current process WorkingSet (physical memory assigned to process): 215M, peak: 215M
current process commit charge ("private bytes"): 241M, peak: 242M

vm_info: OpenJDK 64-Bit Server VM (19.0.2+7-44) for windows-amd64 JRE (19.0.2+7-44), built on 2022-11-30T18:02:09Z by "mach5one" with MS VC++ 17.1 (VS2022)

END.
