#
# There is insufficient memory for the Java Runtime Environment to continue.
# Native memory allocation (malloc) failed to allocate 988336 bytes for Chunk::new
# Possible reasons:
#   The system is out of physical RAM or swap space
#   The process is running with CompressedOops enabled, and the Java Heap may be blocking the growth of the native heap
# Possible solutions:
#   Reduce memory load on the system
#   Increase physical memory or swap space
#   Check if swap backing store is full
#   Decrease Java heap size (-Xmx/-Xms)
#   Decrease number of Java threads
#   Decrease Java thread stack sizes (-Xss)
#   Set larger code cache with -XX:ReservedCodeCacheSize=
#   JVM is running with Unscaled Compressed Oops mode in which the Java heap is
#     placed in the first 4GB address space. The Java Heap base address is the
#     maximum limit for the native heap growth. Please use -XX:HeapBaseMinAddress
#     to set the Java Heap base and to place the Java Heap above 4GB virtual address.
# This output file may be truncated or incomplete.
#
#  Out of Memory Error (arena.cpp:184), pid=6868, tid=1436
#
# JRE version: OpenJDK Runtime Environment (19.0.2+7) (build 19.0.2+7-44)
# Java VM: OpenJDK 64-Bit Server VM (19.0.2+7-44, mixed mode, sharing, tiered, compressed oops, compressed class ptrs, g1 gc, windows-amd64)
# No core dump will be written. Minidumps are not enabled by default on client versions of Windows
#

---------------  S U M M A R Y ------------

Command Line: -javaagent:C:\Program Files\JetBrains\IntelliJ IDEA Community Edition 2022.2.1\lib\idea_rt.jar=50155:C:\Program Files\JetBrains\IntelliJ IDEA Community Edition 2022.2.1\bin -Dfile.encoding=UTF-8 -Dsun.stdout.encoding=UTF-8 -Dsun.stderr.encoding=UTF-8 com.example.fileupdown.FileUpDownApplication

Host: Intel(R) Celeron(R) CPU B830 @ 1.80GHz, 2 cores, 5G,  Windows 10 , 64 bit Build 19041 (10.0.19041.2913)
Time: Mon May 15 15:10:20 2023 ora legale Europa occidentale elapsed time: 19.396211 seconds (0d 0h 0m 19s)

---------------  T H R E A D  ---------------

Current thread (0x00000203fec3b950):  JavaThread "C2 CompilerThread0" daemon [_thread_in_native, id=1436, stack(0x000000fe38500000,0x000000fe38600000)]


Current CompileTask:
C2:  19396 4528       4       org.springframework.beans.factory.support.AbstractBeanFactory::isTypeMatch (619 bytes)

Stack: [0x000000fe38500000,0x000000fe38600000]
Native frames: (J=compiled Java code, j=interpreted, Vv=VM code, C=native code)
V  [jvm.dll+0x6ee21a]
V  [jvm.dll+0x85765e]
V  [jvm.dll+0x85904e]
V  [jvm.dll+0x859703]
V  [jvm.dll+0x28298f]
V  [jvm.dll+0xc9adf]
V  [jvm.dll+0xc9e65]
V  [jvm.dll+0x2f7caf]
V  [jvm.dll+0x5f076b]
V  [jvm.dll+0x255483]
V  [jvm.dll+0x24de26]
V  [jvm.dll+0x24b673]
V  [jvm.dll+0x1d6ce1]
V  [jvm.dll+0x25b25a]
V  [jvm.dll+0x2596e8]
V  [jvm.dll+0x807588]
V  [jvm.dll+0x80125a]
V  [jvm.dll+0x6ecf0b]
C  [ucrtbase.dll+0x21bb2]
C  [KERNEL32.DLL+0x17614]
C  [ntdll.dll+0x526a1]


---------------  P R O C E S S  ---------------

Threads class SMR info:
_java_thread_list=0x00000203970ab3d0, length=20, elements={
0x00000203f4bc52c0, 0x00000203fec33110, 0x00000203fec340a0, 0x00000203fec35030,
0x00000203fec39a90, 0x00000203fec3a3c0, 0x00000203fec3acf0, 0x00000203fec3b950,
0x00000203fec3d640, 0x00000203fec41900, 0x00000203fec03cb0, 0x0000020396d84a30,
0x0000020396d84f70, 0x0000020396f103f0, 0x000002039751d640, 0x0000020399096030,
0x000002039936d370, 0x0000020397365b10, 0x0000020397368040, 0x0000020397366b00
}

Java Threads: ( => current thread )
  0x00000203f4bc52c0 JavaThread "main" [_thread_blocked, id=992, stack(0x000000fe37700000,0x000000fe37800000)]
  0x00000203fec33110 JavaThread "Reference Handler" daemon [_thread_blocked, id=8376, stack(0x000000fe37f00000,0x000000fe38000000)]
  0x00000203fec340a0 JavaThread "Finalizer" daemon [_thread_blocked, id=4544, stack(0x000000fe38000000,0x000000fe38100000)]
  0x00000203fec35030 JavaThread "Signal Dispatcher" daemon [_thread_blocked, id=8580, stack(0x000000fe38100000,0x000000fe38200000)]
  0x00000203fec39a90 JavaThread "Attach Listener" daemon [_thread_blocked, id=2636, stack(0x000000fe38200000,0x000000fe38300000)]
  0x00000203fec3a3c0 JavaThread "Service Thread" daemon [_thread_blocked, id=2476, stack(0x000000fe38300000,0x000000fe38400000)]
  0x00000203fec3acf0 JavaThread "Monitor Deflation Thread" daemon [_thread_blocked, id=6792, stack(0x000000fe38400000,0x000000fe38500000)]
=>0x00000203fec3b950 JavaThread "C2 CompilerThread0" daemon [_thread_in_native, id=1436, stack(0x000000fe38500000,0x000000fe38600000)]
  0x00000203fec3d640 JavaThread "C1 CompilerThread0" daemon [_thread_blocked, id=7252, stack(0x000000fe38600000,0x000000fe38700000)]
  0x00000203fec41900 JavaThread "Sweeper thread" daemon [_thread_blocked, id=9196, stack(0x000000fe38700000,0x000000fe38800000)]
  0x00000203fec03cb0 JavaThread "Common-Cleaner" daemon [_thread_blocked, id=4660, stack(0x000000fe38800000,0x000000fe38900000)]
  0x0000020396d84a30 JavaThread "Monitor Ctrl-Break" daemon [_thread_in_native, id=1552, stack(0x000000fe38a00000,0x000000fe38b00000)]
  0x0000020396d84f70 JavaThread "Notification Thread" daemon [_thread_blocked, id=9084, stack(0x000000fe38b00000,0x000000fe38c00000)]
  0x0000020396f103f0 JavaThread "Thread-0" [_thread_blocked, id=1192, stack(0x000000fe38d00000,0x000000fe38e00000)]
  0x000002039751d640 JavaThread "restartedMain" [_thread_in_vm, id=3500, stack(0x000000fe38e00000,0x000000fe38f00000)]
  0x0000020399096030 JavaThread "HikariPool-1 housekeeper" daemon [_thread_blocked, id=4204, stack(0x000000fe38f00000,0x000000fe39000000)]
  0x000002039936d370 JavaThread "HikariPool-1 connection adder" daemon [_thread_blocked, id=1928, stack(0x000000fe39000000,0x000000fe39100000)]
  0x0000020397365b10 JavaThread "Catalina-utility-1" [_thread_blocked, id=7644, stack(0x000000fe39100000,0x000000fe39200000)]
  0x0000020397368040 JavaThread "Catalina-utility-2" [_thread_blocked, id=5448, stack(0x000000fe39200000,0x000000fe39300000)]
  0x0000020397366b00 JavaThread "container-0" [_thread_blocked, id=1656, stack(0x000000fe39300000,0x000000fe39400000)]

Other Threads:
  0x00000203fec1b680 VMThread "VM Thread" [stack: 0x000000fe37e00000,0x000000fe37f00000] [id=8040]
  0x00000203f4bc60f0 WatcherThread "VM Periodic Task Thread" [stack: 0x000000fe38c00000,0x000000fe38d00000] [id=7848]
  0x00000203f4c12ac0 WorkerThread "GC Thread#0" [stack: 0x000000fe37900000,0x000000fe37a00000] [id=4160]
  0x0000020396cc6b30 WorkerThread "GC Thread#1" [stack: 0x000000fe38900000,0x000000fe38a00000] [id=2108]
  0x00000203f4c206f0 ConcurrentGCThread "G1 Main Marker" [stack: 0x000000fe37a00000,0x000000fe37b00000] [id=408]
  0x00000203f4c222e0 WorkerThread "G1 Conc#0" [stack: 0x000000fe37b00000,0x000000fe37c00000] [id=4788]
  0x00000203f4c82a50 ConcurrentGCThread "G1 Refine#0" [stack: 0x000000fe37c00000,0x000000fe37d00000] [id=9104]
  0x00000203f4c83730 ConcurrentGCThread "G1 Service" [stack: 0x000000fe37d00000,0x000000fe37e00000] [id=8296]

Threads with active compile tasks:
C2 CompilerThread0    19446 4528       4       org.springframework.beans.factory.support.AbstractBeanFactory::isTypeMatch (619 bytes)

VM state: not at safepoint (normal execution)

VM Mutex/Monitor currently owned by a thread:  ([mutex/lock_event])
[0x00000203f4bc26f0] Compile_lock - owner thread: 0x000002039751d640

Heap address: 0x00000000a1a00000, size: 1510 MB, Compressed Oops mode: 32-bit

CDS archive(s) mapped at: [0x0000000800000000-0x0000000800c40000-0x0000000800c40000), size 12845056, SharedBaseAddress: 0x0000000800000000, ArchiveRelocationMode: 0.
Compressed class space mapped at: 0x0000000801000000-0x0000000841000000, reserved size: 1073741824
Narrow klass base: 0x0000000800000000, Narrow klass shift: 0, Narrow klass range: 0x100000000

GC Precious Log:
 CardTable entry size: 512
 Card Set container configuration: InlinePtr #cards 5 size 8 Array Of Cards #cards 12 size 40 Howl #buckets 4 coarsen threshold 1843 Howl Bitmap #cards 512 size 80 coarsen threshold 460 Card regions per heap region 1 cards per card region 2048
 CPUs: 2 total, 2 available
 Memory: 6033M
 Large Page Support: Disabled
 NUMA Support: Disabled
 Compressed Oops: Enabled (32-bit)
 Heap Region Size: 1M
 Heap Min Capacity: 8M
 Heap Initial Capacity: 96M
 Heap Max Capacity: 1510M
 Pre-touch: Disabled
 Parallel Workers: 2
 Concurrent Workers: 1
 Concurrent Refinement Workers: 2
 Periodic GC: Disabled

Heap:
 garbage-first heap   total 49152K, used 35146K [0x00000000a1a00000, 0x0000000100000000)
  region size 1024K, 17 young (17408K), 3 survivors (3072K)
 Metaspace       used 55127K, committed 55744K, reserved 1114112K
  class space    used 7157K, committed 7424K, reserved 1048576K

Heap Regions: E=young(eden), S=young(survivor), O=old, HS=humongous(starts), HC=humongous(continues), CS=collection set, F=free, OA=open archive, CA=closed archive, TAMS=top-at-mark-start (previous, next)
|   0|0x00000000a1a00000, 0x00000000a1b00000, 0x00000000a1b00000|100%|HS|  |TAMS 0x00000000a1b00000, 0x00000000a1a00000| Complete 
|   1|0x00000000a1b00000, 0x00000000a1c00000, 0x00000000a1c00000|100%| O|  |TAMS 0x00000000a1c00000, 0x00000000a1b00000| Untracked 
|   2|0x00000000a1c00000, 0x00000000a1d00000, 0x00000000a1d00000|100%| O|  |TAMS 0x00000000a1d00000, 0x00000000a1c00000| Untracked 
|   3|0x00000000a1d00000, 0x00000000a1e00000, 0x00000000a1e00000|100%| O|  |TAMS 0x00000000a1e00000, 0x00000000a1d00000| Untracked 
|   4|0x00000000a1e00000, 0x00000000a1f00000, 0x00000000a1f00000|100%| O|  |TAMS 0x00000000a1f00000, 0x00000000a1e00000| Untracked 
|   5|0x00000000a1f00000, 0x00000000a2000000, 0x00000000a2000000|100%| O|  |TAMS 0x00000000a2000000, 0x00000000a1f00000| Untracked 
|   6|0x00000000a2000000, 0x00000000a2100000, 0x00000000a2100000|100%| O|  |TAMS 0x00000000a2100000, 0x00000000a2000000| Untracked 
|   7|0x00000000a2100000, 0x00000000a2200000, 0x00000000a2200000|100%| O|  |TAMS 0x00000000a2200000, 0x00000000a2100000| Untracked 
|   8|0x00000000a2200000, 0x00000000a2300000, 0x00000000a2300000|100%| O|  |TAMS 0x00000000a2300000, 0x00000000a2200000| Untracked 
|   9|0x00000000a2300000, 0x00000000a2400000, 0x00000000a2400000|100%| O|  |TAMS 0x00000000a2400000, 0x00000000a2300000| Untracked 
|  10|0x00000000a2400000, 0x00000000a2500000, 0x00000000a2500000|100%| O|  |TAMS 0x00000000a2500000, 0x00000000a2400000| Untracked 
|  11|0x00000000a2500000, 0x00000000a2600000, 0x00000000a2600000|100%| O|  |TAMS 0x00000000a2600000, 0x00000000a2500000| Untracked 
|  12|0x00000000a2600000, 0x00000000a2700000, 0x00000000a2700000|100%| O|  |TAMS 0x00000000a2700000, 0x00000000a2600000| Untracked 
|  13|0x00000000a2700000, 0x00000000a2800000, 0x00000000a2800000|100%| O|  |TAMS 0x00000000a2781c00, 0x00000000a2700000| Untracked 
|  14|0x00000000a2800000, 0x00000000a2900000, 0x00000000a2900000|100%| O|  |TAMS 0x00000000a2800000, 0x00000000a2800000| Untracked 
|  15|0x00000000a2900000, 0x00000000a2a00000, 0x00000000a2a00000|100%| O|  |TAMS 0x00000000a2900000, 0x00000000a2900000| Untracked 
|  16|0x00000000a2a00000, 0x00000000a2b00000, 0x00000000a2b00000|100%| O|  |TAMS 0x00000000a2b00000, 0x00000000a2a00000| Untracked 
|  17|0x00000000a2b00000, 0x00000000a2bc7400, 0x00000000a2c00000| 77%| O|  |TAMS 0x00000000a2b00000, 0x00000000a2b00000| Untracked 
|  18|0x00000000a2c00000, 0x00000000a2d00000, 0x00000000a2d00000|100%| O|  |TAMS 0x00000000a2c00000, 0x00000000a2c00000| Untracked 
|  19|0x00000000a2d00000, 0x00000000a2d00000, 0x00000000a2e00000|  0%| F|  |TAMS 0x00000000a2d00000, 0x00000000a2d00000| Untracked 
|  20|0x00000000a2e00000, 0x00000000a2e00000, 0x00000000a2f00000|  0%| F|  |TAMS 0x00000000a2e00000, 0x00000000a2e00000| Untracked 
|  21|0x00000000a2f00000, 0x00000000a2f00000, 0x00000000a3000000|  0%| F|  |TAMS 0x00000000a2f00000, 0x00000000a2f00000| Untracked 
|  22|0x00000000a3000000, 0x00000000a3000000, 0x00000000a3100000|  0%| F|  |TAMS 0x00000000a3000000, 0x00000000a3000000| Untracked 
|  23|0x00000000a3100000, 0x00000000a3100000, 0x00000000a3200000|  0%| F|  |TAMS 0x00000000a3100000, 0x00000000a3100000| Untracked 
|  24|0x00000000a3200000, 0x00000000a3200000, 0x00000000a3300000|  0%| F|  |TAMS 0x00000000a3200000, 0x00000000a3200000| Untracked 
|  25|0x00000000a3300000, 0x00000000a338b700, 0x00000000a3400000| 54%| S|CS|TAMS 0x00000000a3300000, 0x00000000a3300000| Complete 
|  26|0x00000000a3400000, 0x00000000a3500000, 0x00000000a3500000|100%| S|CS|TAMS 0x00000000a3400000, 0x00000000a3400000| Complete 
|  27|0x00000000a3500000, 0x00000000a3500000, 0x00000000a3600000|  0%| F|  |TAMS 0x00000000a3500000, 0x00000000a3500000| Untracked 
|  28|0x00000000a3600000, 0x00000000a3600000, 0x00000000a3700000|  0%| F|  |TAMS 0x00000000a3600000, 0x00000000a3600000| Untracked 
|  29|0x00000000a3700000, 0x00000000a3800000, 0x00000000a3800000|100%| S|CS|TAMS 0x00000000a3700000, 0x00000000a3700000| Complete 
|  30|0x00000000a3800000, 0x00000000a3800000, 0x00000000a3900000|  0%| F|  |TAMS 0x00000000a3800000, 0x00000000a3800000| Untracked 
|  31|0x00000000a3900000, 0x00000000a3900000, 0x00000000a3a00000|  0%| F|  |TAMS 0x00000000a3900000, 0x00000000a3900000| Untracked 
|  32|0x00000000a3a00000, 0x00000000a3a00000, 0x00000000a3b00000|  0%| F|  |TAMS 0x00000000a3a00000, 0x00000000a3a00000| Untracked 
|  33|0x00000000a3b00000, 0x00000000a3b00000, 0x00000000a3c00000|  0%| F|  |TAMS 0x00000000a3b00000, 0x00000000a3b00000| Untracked 
|  34|0x00000000a3c00000, 0x00000000a3caae30, 0x00000000a3d00000| 66%| E|  |TAMS 0x00000000a3c00000, 0x00000000a3c00000| Complete 
|  35|0x00000000a3d00000, 0x00000000a3e00000, 0x00000000a3e00000|100%| E|CS|TAMS 0x00000000a3d00000, 0x00000000a3d00000| Complete 
|  36|0x00000000a3e00000, 0x00000000a3f00000, 0x00000000a3f00000|100%| E|CS|TAMS 0x00000000a3e00000, 0x00000000a3e00000| Complete 
|  37|0x00000000a3f00000, 0x00000000a4000000, 0x00000000a4000000|100%| E|CS|TAMS 0x00000000a3f00000, 0x00000000a3f00000| Complete 
|  38|0x00000000a4000000, 0x00000000a4100000, 0x00000000a4100000|100%| E|CS|TAMS 0x00000000a4000000, 0x00000000a4000000| Complete 
|  39|0x00000000a4100000, 0x00000000a4200000, 0x00000000a4200000|100%| E|CS|TAMS 0x00000000a4100000, 0x00000000a4100000| Complete 
|  40|0x00000000a4200000, 0x00000000a4300000, 0x00000000a4300000|100%| E|CS|TAMS 0x00000000a4200000, 0x00000000a4200000| Complete 
|  41|0x00000000a4300000, 0x00000000a4400000, 0x00000000a4400000|100%| E|CS|TAMS 0x00000000a4300000, 0x00000000a4300000| Complete 
|  59|0x00000000a5500000, 0x00000000a5600000, 0x00000000a5600000|100%| E|CS|TAMS 0x00000000a5500000, 0x00000000a5500000| Complete 
|  60|0x00000000a5600000, 0x00000000a5700000, 0x00000000a5700000|100%| E|CS|TAMS 0x00000000a5600000, 0x00000000a5600000| Complete 
|  61|0x00000000a5700000, 0x00000000a5800000, 0x00000000a5800000|100%| E|CS|TAMS 0x00000000a5700000, 0x00000000a5700000| Complete 
|  62|0x00000000a5800000, 0x00000000a5900000, 0x00000000a5900000|100%| E|CS|TAMS 0x00000000a5800000, 0x00000000a5800000| Complete 
|  63|0x00000000a5900000, 0x00000000a5a00000, 0x00000000a5a00000|100%| E|CS|TAMS 0x00000000a5900000, 0x00000000a5900000| Complete 
|  64|0x00000000a5a00000, 0x00000000a5b00000, 0x00000000a5b00000|100%| E|CS|TAMS 0x00000000a5a00000, 0x00000000a5a00000| Complete 

Card table byte_map: [0x00000203fcb20000,0x00000203fce20000] _byte_map_base: 0x00000203fc613000

Marking Bits (Prev, Next): (CMBitMap*) 0x00000203f4c14100, (CMBitMap*) 0x00000203f4c14140
 Prev Bits: [0x00000203fd120000, 0x00000203fe8b8000)
 Next Bits: [0x000002038f000000, 0x0000020390798000)

Polling page: 0x00000203f4390000

Metaspace:

Usage:
  Non-class:     46.85 MB used.
      Class:      6.99 MB used.
       Both:     53.84 MB used.

Virtual space:
  Non-class space:       64.00 MB reserved,      47.19 MB ( 74%) committed,  1 nodes.
      Class space:        1.00 GB reserved,       7.25 MB ( <1%) committed,  1 nodes.
             Both:        1.06 GB reserved,      54.44 MB (  5%) committed. 

Chunk freelists:
   Non-Class:  224.00 KB
       Class:  736.00 KB
        Both:  960.00 KB

MaxMetaspaceSize: unlimited
CompressedClassSpaceSize: 1.00 GB
Initial GC threshold: 21.00 MB
Current GC threshold: 58.69 MB
CDS: on
MetaspaceReclaimPolicy: balanced
 - commit_granule_bytes: 65536.
 - commit_granule_words: 8192.
 - virtual_space_node_default_size: 8388608.
 - enlarge_chunks_in_place: 1.
 - new_chunks_are_fully_committed: 0.
 - uncommit_free_chunks: 1.
 - use_allocation_guard: 0.


Internal statistics:

num_allocs_failed_limit: 6.
num_arena_births: 792.
num_arena_deaths: 0.
num_vsnodes_births: 2.
num_vsnodes_deaths: 0.
num_space_committed: 871.
num_space_uncommitted: 0.
num_chunks_returned_to_freelist: 6.
num_chunks_taken_from_freelist: 2713.
num_chunk_merges: 6.
num_chunk_splits: 2017.
num_chunks_enlarged: 1660.
num_inconsistent_stats: 0.

CodeHeap 'non-profiled nmethods': size=120064Kb used=2500Kb max_used=2500Kb free=117563Kb
 bounds [0x0000020387ac0000, 0x0000020387d40000, 0x000002038f000000]
CodeHeap 'profiled nmethods': size=120000Kb used=9755Kb max_used=9755Kb free=110244Kb
 bounds [0x0000020380000000, 0x0000020380990000, 0x0000020387530000]
CodeHeap 'non-nmethods': size=5696Kb used=1402Kb max_used=1437Kb free=4293Kb
 bounds [0x0000020387530000, 0x00000203877a0000, 0x0000020387ac0000]
 total_blobs=5258 nmethods=4605 adapters=564
 compilation: enabled
              stopped_count=0, restarted_count=0
 full_count=0

Compilation events (20 events):
Event: 19.334 Thread 0x00000203fec3d640 4608       1       jdk.xml.internal.XMLSecurityManager$Limit::systemProperty (5 bytes)
Event: 19.335 Thread 0x00000203fec3d640 nmethod 4608 0x0000020387d30490 code [0x0000020387d30620, 0x0000020387d306d8]
Event: 19.335 Thread 0x00000203fec3d640 4609       2       java.lang.System::getProperty (25 bytes)
Event: 19.336 Thread 0x00000203fec3d640 nmethod 4609 0x0000020380983690 code [0x0000020380983860, 0x0000020380983b28]
Event: 19.337 Thread 0x00000203fec3d640 4610       2       java.util.Collections$UnmodifiableRandomAccessList::<init> (6 bytes)
Event: 19.338 Thread 0x00000203fec3d640 nmethod 4610 0x0000020380983c90 code [0x0000020380983e40, 0x00000203809840c8]
Event: 19.349 Thread 0x00000203fec3d640 4611       1       org.apache.catalina.core.StandardContext::getTldValidation (5 bytes)
Event: 19.349 Thread 0x00000203fec3d640 nmethod 4611 0x0000020387d30790 code [0x0000020387d30920, 0x0000020387d309f8]
Event: 19.349 Thread 0x00000203fec3d640 4612       1       org.apache.catalina.core.StandardContext::getXmlBlockExternal (5 bytes)
Event: 19.349 Thread 0x00000203fec3d640 nmethod 4612 0x0000020387d30a90 code [0x0000020387d30c20, 0x0000020387d30cf8]
Event: 19.349 Thread 0x00000203fec3d640 4613   !   2       org.springframework.boot.context.properties.bind.Binder::bind (74 bytes)
Event: 19.350 Thread 0x00000203fec3d640 nmethod 4613 0x0000020380984210 code [0x0000020380984400, 0x0000020380984748]
Event: 19.351 Thread 0x00000203fec3d640 4614       2       org.springframework.util.ClassUtils::isAssignableValue (34 bytes)
Event: 19.351 Thread 0x00000203fec3d640 nmethod 4614 0x0000020380984910 code [0x0000020380984ac0, 0x0000020380984cf8]
Event: 19.364 Thread 0x00000203fec3d640 4615       2       org.springframework.util.ReflectionUtils::doWithMethods (7 bytes)
Event: 19.364 Thread 0x00000203fec3d640 nmethod 4615 0x0000020380984e90 code [0x0000020380985040, 0x0000020380985148]
Event: 19.365 Thread 0x00000203fec3d640 4616       2       org.springframework.util.ReflectionUtils$$Lambda$512/0x00000008012f28a0::<init> (10 bytes)
Event: 19.365 Thread 0x00000203fec3d640 nmethod 4616 0x0000020380985210 code [0x00000203809853a0, 0x00000203809854f8]
Event: 19.382 Thread 0x00000203fec3d640 4618       2       org.springframework.util.ReflectionUtils::getAllDeclaredMethods (38 bytes)
Event: 19.383 Thread 0x00000203fec3d640 nmethod 4618 0x0000020380985590 code [0x0000020380985760, 0x00000203809859f8]

GC Heap History (20 events):
Event: 10.890 GC heap before
{Heap before GC invocations=6 (full 0):
 garbage-first heap   total 40960K, used 30512K [0x00000000a1a00000, 0x0000000100000000)
  region size 1024K, 24 young (24576K), 6 survivors (6144K)
 Metaspace       used 24706K, committed 25088K, reserved 1114112K
  class space    used 3043K, committed 3200K, reserved 1048576K
}
Event: 10.915 GC heap after
{Heap after GC invocations=7 (full 0):
 garbage-first heap   total 40960K, used 14791K [0x00000000a1a00000, 0x0000000100000000)
  region size 1024K, 3 young (3072K), 3 survivors (3072K)
 Metaspace       used 24706K, committed 25088K, reserved 1114112K
  class space    used 3043K, committed 3200K, reserved 1048576K
}
Event: 10.965 GC heap before
{Heap before GC invocations=7 (full 0):
 garbage-first heap   total 40960K, used 15815K [0x00000000a1a00000, 0x0000000100000000)
  region size 1024K, 4 young (4096K), 3 survivors (3072K)
 Metaspace       used 24789K, committed 25216K, reserved 1114112K
  class space    used 3063K, committed 3264K, reserved 1048576K
}
Event: 10.976 GC heap after
{Heap after GC invocations=8 (full 0):
 garbage-first heap   total 40960K, used 14721K [0x00000000a1a00000, 0x0000000100000000)
  region size 1024K, 1 young (1024K), 1 survivors (1024K)
 Metaspace       used 24789K, committed 25216K, reserved 1114112K
  class space    used 3063K, committed 3264K, reserved 1048576K
}
Event: 12.549 GC heap before
{Heap before GC invocations=8 (full 0):
 garbage-first heap   total 40960K, used 28033K [0x00000000a1a00000, 0x0000000100000000)
  region size 1024K, 15 young (15360K), 1 survivors (1024K)
 Metaspace       used 28210K, committed 28672K, reserved 1114112K
  class space    used 3434K, committed 3648K, reserved 1048576K
}
Event: 12.555 GC heap after
{Heap after GC invocations=9 (full 0):
 garbage-first heap   total 40960K, used 15936K [0x00000000a1a00000, 0x0000000100000000)
  region size 1024K, 2 young (2048K), 2 survivors (2048K)
 Metaspace       used 28210K, committed 28672K, reserved 1114112K
  class space    used 3434K, committed 3648K, reserved 1048576K
}
Event: 14.051 GC heap before
{Heap before GC invocations=9 (full 0):
 garbage-first heap   total 40960K, used 29248K [0x00000000a1a00000, 0x0000000100000000)
  region size 1024K, 16 young (16384K), 2 survivors (2048K)
 Metaspace       used 32381K, committed 32896K, reserved 1114112K
  class space    used 3887K, committed 4160K, reserved 1048576K
}
Event: 14.059 GC heap after
{Heap after GC invocations=10 (full 0):
 garbage-first heap   total 40960K, used 17193K [0x00000000a1a00000, 0x0000000100000000)
  region size 1024K, 2 young (2048K), 2 survivors (2048K)
 Metaspace       used 32381K, committed 32896K, reserved 1114112K
  class space    used 3887K, committed 4160K, reserved 1048576K
}
Event: 14.856 GC heap before
{Heap before GC invocations=10 (full 0):
 garbage-first heap   total 40960K, used 27433K [0x00000000a1a00000, 0x0000000100000000)
  region size 1024K, 14 young (14336K), 2 survivors (2048K)
 Metaspace       used 35427K, committed 35968K, reserved 1114112K
  class space    used 4271K, committed 4544K, reserved 1048576K
}
Event: 14.863 GC heap after
{Heap after GC invocations=11 (full 0):
 garbage-first heap   total 40960K, used 18178K [0x00000000a1a00000, 0x0000000100000000)
  region size 1024K, 1 young (1024K), 1 survivors (1024K)
 Metaspace       used 35427K, committed 35968K, reserved 1114112K
  class space    used 4271K, committed 4544K, reserved 1048576K
}
Event: 15.655 GC heap before
{Heap before GC invocations=12 (full 0):
 garbage-first heap   total 40960K, used 31490K [0x00000000a1a00000, 0x0000000100000000)
  region size 1024K, 14 young (14336K), 1 survivors (1024K)
 Metaspace       used 38986K, committed 39488K, reserved 1114112K
  class space    used 4849K, committed 5120K, reserved 1048576K
}
Event: 15.662 GC heap after
{Heap after GC invocations=13 (full 0):
 garbage-first heap   total 40960K, used 18912K [0x00000000a1a00000, 0x0000000100000000)
  region size 1024K, 2 young (2048K), 2 survivors (2048K)
 Metaspace       used 38986K, committed 39488K, reserved 1114112K
  class space    used 4849K, committed 5120K, reserved 1048576K
}
Event: 15.691 GC heap before
{Heap before GC invocations=13 (full 0):
 garbage-first heap   total 40960K, used 19936K [0x00000000a1a00000, 0x0000000100000000)
  region size 1024K, 3 young (3072K), 2 survivors (2048K)
 Metaspace       used 39363K, committed 39872K, reserved 1114112K
  class space    used 4889K, committed 5120K, reserved 1048576K
}
Event: 15.698 GC heap after
{Heap after GC invocations=14 (full 0):
 garbage-first heap   total 40960K, used 18563K [0x00000000a1a00000, 0x0000000100000000)
  region size 1024K, 1 young (1024K), 1 survivors (1024K)
 Metaspace       used 39363K, committed 39872K, reserved 1114112K
  class space    used 4889K, committed 5120K, reserved 1048576K
}
Event: 16.364 GC heap before
{Heap before GC invocations=14 (full 0):
 garbage-first heap   total 40960K, used 30851K [0x00000000a1a00000, 0x0000000100000000)
  region size 1024K, 14 young (14336K), 1 survivors (1024K)
 Metaspace       used 43580K, committed 44096K, reserved 1114112K
  class space    used 5437K, committed 5696K, reserved 1048576K
}
Event: 16.368 GC heap after
{Heap after GC invocations=15 (full 0):
 garbage-first heap   total 49152K, used 19297K [0x00000000a1a00000, 0x0000000100000000)
  region size 1024K, 1 young (1024K), 1 survivors (1024K)
 Metaspace       used 43580K, committed 44096K, reserved 1114112K
  class space    used 5437K, committed 5696K, reserved 1048576K
}
Event: 17.486 GC heap before
{Heap before GC invocations=15 (full 0):
 garbage-first heap   total 49152K, used 38753K [0x00000000a1a00000, 0x0000000100000000)
  region size 1024K, 20 young (20480K), 1 survivors (1024K)
 Metaspace       used 49922K, committed 50496K, reserved 1114112K
  class space    used 6462K, committed 6720K, reserved 1048576K
}
Event: 17.493 GC heap after
{Heap after GC invocations=16 (full 0):
 garbage-first heap   total 49152K, used 20114K [0x00000000a1a00000, 0x0000000100000000)
  region size 1024K, 2 young (2048K), 2 survivors (2048K)
 Metaspace       used 49922K, committed 50496K, reserved 1114112K
  class space    used 6462K, committed 6720K, reserved 1048576K
}
Event: 18.848 GC heap before
{Heap before GC invocations=16 (full 0):
 garbage-first heap   total 49152K, used 37522K [0x00000000a1a00000, 0x0000000100000000)
  region size 1024K, 20 young (20480K), 2 survivors (2048K)
 Metaspace       used 53871K, committed 54464K, reserved 1114112K
  class space    used 6976K, committed 7232K, reserved 1048576K
}
Event: 18.862 GC heap after
{Heap after GC invocations=17 (full 0):
 garbage-first heap   total 49152K, used 21834K [0x00000000a1a00000, 0x0000000100000000)
  region size 1024K, 3 young (3072K), 3 survivors (3072K)
 Metaspace       used 53871K, committed 54464K, reserved 1114112K
  class space    used 6976K, committed 7232K, reserved 1048576K
}

Dll operation events (14 events):
Event: 0.018 Loaded shared library C:\Users\Utente-PC\.jdks\openjdk-19.0.2\bin\java.dll
Event: 0.062 Loaded shared library C:\Users\Utente-PC\.jdks\openjdk-19.0.2\bin\jsvml.dll
Event: 0.802 Loaded shared library C:\Users\Utente-PC\.jdks\openjdk-19.0.2\bin\zip.dll
Event: 0.882 Loaded shared library C:\Users\Utente-PC\.jdks\openjdk-19.0.2\bin\zip.dll
Event: 0.902 Loaded shared library C:\Users\Utente-PC\.jdks\openjdk-19.0.2\bin\jimage.dll
Event: 1.010 Loaded shared library C:\Users\Utente-PC\.jdks\openjdk-19.0.2\bin\net.dll
Event: 1.017 Loaded shared library C:\Users\Utente-PC\.jdks\openjdk-19.0.2\bin\nio.dll
Event: 1.066 Loaded shared library C:\Users\Utente-PC\.jdks\openjdk-19.0.2\bin\instrument.dll
Event: 1.241 Loaded shared library C:\Program Files\JetBrains\IntelliJ IDEA Community Edition 2022.2.1\bin\breakgen64.dll
Event: 1.280 Loaded shared library C:\Users\Utente-PC\.jdks\openjdk-19.0.2\bin\extnet.dll
Event: 2.291 Loaded shared library C:\Users\Utente-PC\.jdks\openjdk-19.0.2\bin\management.dll
Event: 2.304 Loaded shared library C:\Users\Utente-PC\.jdks\openjdk-19.0.2\bin\management_ext.dll
Event: 5.031 Loaded shared library C:\Users\Utente-PC\.jdks\openjdk-19.0.2\bin\verify.dll
Event: 11.586 Loaded shared library C:\Users\Utente-PC\.jdks\openjdk-19.0.2\bin\sunmscapi.dll

Deoptimization events (20 events):
Event: 18.695 Thread 0x000002039751d640 Uncommon trap: trap_request=0xffffffde fr.pc=0x0000020387c3a418 relative=0x00000000000004f8
Event: 18.695 Thread 0x000002039751d640 Uncommon trap: reason=class_check action=maybe_recompile pc=0x0000020387c3a418 method=org.springframework.util.ConcurrentReferenceHashMap$Segment.findInChain(Lorg/springframework/util/ConcurrentReferenceHashMap$Reference;Ljava/lang/Object;I)Lorg/springfra
Event: 18.695 Thread 0x000002039751d640 DEOPT PACKING pc=0x0000020387c3a418 sp=0x000000fe38efd360
Event: 18.695 Thread 0x000002039751d640 DEOPT UNPACKING pc=0x0000020387596d9d sp=0x000000fe38efd198 mode 2
Event: 18.695 Thread 0x000002039751d640 Uncommon trap: trap_request=0xffffffde fr.pc=0x0000020387d08da4 relative=0x00000000000001e4
Event: 18.695 Thread 0x000002039751d640 Uncommon trap: reason=class_check action=maybe_recompile pc=0x0000020387d08da4 method=org.springframework.util.ConcurrentReferenceHashMap$Segment.findInChain(Lorg/springframework/util/ConcurrentReferenceHashMap$Reference;Ljava/lang/Object;I)Lorg/springfra
Event: 18.695 Thread 0x000002039751d640 DEOPT PACKING pc=0x0000020387d08da4 sp=0x000000fe38efd1e0
Event: 18.695 Thread 0x000002039751d640 DEOPT UNPACKING pc=0x0000020387596d9d sp=0x000000fe38efd188 mode 2
Event: 19.011 Thread 0x000002039751d640 Uncommon trap: trap_request=0xffffff45 fr.pc=0x0000020387bf27a0 relative=0x00000000000003a0
Event: 19.011 Thread 0x000002039751d640 Uncommon trap: reason=unstable_if action=reinterpret pc=0x0000020387bf27a0 method=sun.reflect.annotation.AnnotationInvocationHandler.invoke(Ljava/lang/Object;Ljava/lang/reflect/Method;[Ljava/lang/Object;)Ljava/lang/Object; @ 76 c2
Event: 19.011 Thread 0x000002039751d640 DEOPT PACKING pc=0x0000020387bf27a0 sp=0x000000fe38efbbf0
Event: 19.011 Thread 0x000002039751d640 DEOPT UNPACKING pc=0x0000020387596d9d sp=0x000000fe38efbb90 mode 2
Event: 19.283 Thread 0x000002039751d640 Uncommon trap: trap_request=0xffffff45 fr.pc=0x0000020387c2bb54 relative=0x0000000000000d94
Event: 19.283 Thread 0x000002039751d640 Uncommon trap: reason=unstable_if action=reinterpret pc=0x0000020387c2bb54 method=java.util.concurrent.ConcurrentHashMap.putVal(Ljava/lang/Object;Ljava/lang/Object;Z)Ljava/lang/Object; @ 401 c2
Event: 19.283 Thread 0x000002039751d640 DEOPT PACKING pc=0x0000020387c2bb54 sp=0x000000fe38efb310
Event: 19.283 Thread 0x000002039751d640 DEOPT UNPACKING pc=0x0000020387596d9d sp=0x000000fe38efb2a0 mode 2
Event: 19.289 Thread 0x000002039751d640 Uncommon trap: trap_request=0xffffff45 fr.pc=0x0000020387c5c364 relative=0x0000000000000244
Event: 19.289 Thread 0x000002039751d640 Uncommon trap: reason=unstable_if action=reinterpret pc=0x0000020387c5c364 method=java.util.concurrent.ConcurrentHashMap.get(Ljava/lang/Object;)Ljava/lang/Object; @ 86 c2
Event: 19.289 Thread 0x000002039751d640 DEOPT PACKING pc=0x0000020387c5c364 sp=0x000000fe38efb3b0
Event: 19.289 Thread 0x000002039751d640 DEOPT UNPACKING pc=0x0000020387596d9d sp=0x000000fe38efb318 mode 2

Classes loaded (20 events):
Event: 17.859 Loading class sun/reflect/generics/reflectiveObjects/GenericArrayTypeImpl
Event: 17.859 Loading class sun/reflect/generics/reflectiveObjects/GenericArrayTypeImpl done
Event: 18.788 Loading class java/lang/Package$1PackageInfoProxy
Event: 18.789 Loading class java/lang/Package$1PackageInfoProxy done
Event: 19.010 Loading class java/time/DurationEditor
Event: 19.010 Loading class java/time/DurationEditor done
Event: 19.014 Loading class java/util/regex/Pattern$1
Event: 19.014 Loading class java/util/regex/Pattern$1 done
Event: 19.255 Loading class java/util/EnumMap$EntrySet
Event: 19.255 Loading class java/util/EnumMap$EntrySet done
Event: 19.255 Loading class java/util/EnumMap$EntryIterator
Event: 19.256 Loading class java/util/EnumMap$EnumMapIterator
Event: 19.256 Loading class java/util/EnumMap$EnumMapIterator done
Event: 19.256 Loading class java/util/EnumMap$EntryIterator done
Event: 19.261 Loading class java/lang/reflect/MalformedParametersException
Event: 19.261 Loading class java/lang/reflect/MalformedParametersException done
Event: 19.283 Loading class java/util/concurrent/ConcurrentHashMap$TreeNode
Event: 19.283 Loading class java/util/concurrent/ConcurrentHashMap$TreeNode done
Event: 19.283 Loading class java/util/concurrent/ConcurrentHashMap$TreeBin
Event: 19.284 Loading class java/util/concurrent/ConcurrentHashMap$TreeBin done

Classes unloaded (0 events):
No events

Classes redefined (0 events):
No events

Internal exceptions (20 events):
Event: 16.591 Thread 0x000002039751d640 Exception <a 'java/lang/NoSuchMethodError'{0x00000000a5611e30}: 'java.lang.Object java.lang.invoke.DirectMethodHandle$Holder.invokeStatic(java.lang.Object, java.lang.Object, int, java.lang.Object)'> (0x00000000a5611e30) 
thrown [s\open\src\hotspot\share\interpreter\linkResolver.cpp, line 774]
Event: 16.592 Thread 0x000002039751d640 Exception <a 'java/lang/NoSuchMethodError'{0x00000000a56158d0}: 'java.lang.Object java.lang.invoke.DirectMethodHandle$Holder.invokeStaticInit(java.lang.Object, java.lang.Object, int, java.lang.Object)'> (0x00000000a56158d0) 
thrown [s\open\src\hotspot\share\interpreter\linkResolver.cpp, line 774]
Event: 16.655 Thread 0x000002039751d640 Exception <a 'java/lang/IncompatibleClassChangeError'{0x00000000a5553b88}: Found class java.lang.Object, but interface was expected> (0x00000000a5553b88) 
thrown [s\open\src\hotspot\share\interpreter\linkResolver.cpp, line 841]
Event: 17.406 Thread 0x000002039751d640 Exception <a 'java/lang/NoSuchMethodError'{0x00000000a3862a98}: 'long java.lang.invoke.DelegatingMethodHandle$Holder.reinvoke_L(java.lang.Object, java.lang.Object)'> (0x00000000a3862a98) 
thrown [s\open\src\hotspot\share\interpreter\linkResolver.cpp, line 774]
Event: 17.408 Thread 0x000002039751d640 Exception <a 'java/lang/NoSuchMethodError'{0x00000000a386d2f8}: 'void java.lang.invoke.DelegatingMethodHandle$Holder.reinvoke_L(java.lang.Object, java.lang.Object, long)'> (0x00000000a386d2f8) 
thrown [s\open\src\hotspot\share\interpreter\linkResolver.cpp, line 774]
Event: 17.411 Thread 0x000002039751d640 Exception <a 'java/lang/NoSuchMethodError'{0x00000000a38743a0}: 'long java.lang.invoke.Invokers$Holder.invokeExact_MT(java.lang.Object, java.lang.Object, java.lang.Object)'> (0x00000000a38743a0) 
thrown [s\open\src\hotspot\share\interpreter\linkResolver.cpp, line 774]
Event: 17.506 Thread 0x000002039751d640 Exception <a 'java/lang/NoSuchMethodError'{0x00000000a5a3b480}: 'void java.lang.invoke.DirectMethodHandle$Holder.invokeSpecial(java.lang.Object, java.lang.Object, java.lang.Object, java.lang.Object, java.lang.Object, java.lang.Object, java.lang.Object, java.lang.Object)'> (0x00000000a5a3b480) 
thrown [s\open\src\hotspot\share\interpreter\linkResolver.cpp, line 774]
Event: 17.511 Thread 0x000002039751d640 Exception <a 'java/lang/NoSuchMethodError'{0x00000000a5a5e290}: 'java.lang.Object java.lang.invoke.DirectMethodHandle$Holder.newInvokeSpecial(java.lang.Object, java.lang.Object, java.lang.Object, java.lang.Object, java.lang.Object, java.lang.Object, java.lang.Object, int)'> (0x00000000a5a5e290) 
thrown [s\open\src\hotspot\share\interpreter\linkResolver.cpp, line 774]
Event: 17.511 Thread 0x000002039751d640 Exception <a 'java/lang/NoSuchMethodError'{0x00000000a5a632a0}: 'java.lang.Object java.lang.invoke.DirectMethodHandle$Holder.invokeSpecial(java.lang.Object, java.lang.Object, java.lang.Object, java.lang.Object, java.lang.Object, java.lang.Object, java.lang.Object, java.lang.Object, int)'> (0x00000000a5a632a0) 
thrown [s\open\src\hotspot\share\interpreter\linkResolver.cpp, line 774]
Event: 17.568 Thread 0x000002039751d640 Exception <a 'java/lang/NoSuchMethodError'{0x00000000a5990948}: 'void java.lang.invoke.DirectMethodHandle$Holder.invokeInterface(java.lang.Object, java.lang.Object)'> (0x00000000a5990948) 
thrown [s\open\src\hotspot\share\interpreter\linkResolver.cpp, line 774]
Event: 17.635 Thread 0x000002039751d640 Exception <a 'java/lang/NoSuchMethodError'{0x00000000a570d740}: 'java.lang.Object java.lang.invoke.DirectMethodHandle$Holder.newInvokeSpecial(java.lang.Object, java.lang.Object, java.lang.Object, java.lang.Object, java.lang.Object, java.lang.Object, java.lang.Object)'> (0x00000000a570d740) 
thrown [s\open\src\hotspot\share\interpreter\linkResolver.cpp, line 774]
Event: 17.776 Thread 0x000002039751d640 Exception <a 'java/lang/NoSuchMethodError'{0x00000000a55608e0}: 'void java.lang.invoke.Invokers$Holder.invokeExact_MT(java.lang.Object, java.lang.Object, java.lang.Object, java.lang.Object)'> (0x00000000a55608e0) 
thrown [s\open\src\hotspot\share\interpreter\linkResolver.cpp, line 774]
Event: 18.388 Thread 0x000002039751d640 Implicit null exception at 0x0000020387d05f0c to 0x0000020387d0758c
Event: 18.400 Thread 0x000002039751d640 Exception <a 'java/lang/IncompatibleClassChangeError'{0x00000000a40227d8}: Found class java.lang.Object, but interface was expected> (0x00000000a40227d8) 
thrown [s\open\src\hotspot\share\interpreter\linkResolver.cpp, line 841]
Event: 18.465 Thread 0x000002039751d640 Exception <a 'java/lang/IncompatibleClassChangeError'{0x00000000a3f75280}: Found class java.lang.Object, but interface was expected> (0x00000000a3f75280) 
thrown [s\open\src\hotspot\share\interpreter\linkResolver.cpp, line 841]
Event: 18.776 Thread 0x000002039751d640 Exception <a 'java/lang/IncompatibleClassChangeError'{0x00000000a39cebd8}: Found class java.lang.Object, but interface was expected> (0x00000000a39cebd8) 
thrown [s\open\src\hotspot\share\interpreter\linkResolver.cpp, line 841]
Event: 18.792 Thread 0x000002039751d640 Exception <a 'java/lang/NoSuchMethodError'{0x00000000a380e350}: 'void java.lang.invoke.DirectMethodHandle$Holder.invokeSpecial(java.lang.Object, java.lang.Object, java.lang.Object, java.lang.Object, java.lang.Object, java.lang.Object, java.lang.Object)'> (0x00000000a380e350) 
thrown [s\open\src\hotspot\share\interpreter\linkResolver.cpp, line 774]
Event: 19.073 Thread 0x000002039751d640 Exception <a 'java/lang/NoSuchMethodError'{0x00000000a55da350}: 'java.lang.Object java.lang.invoke.DirectMethodHandle$Holder.newInvokeSpecial(java.lang.Object, java.lang.Object, java.lang.Object, java.lang.Object, java.lang.Object, java.lang.Object, java.lang.Object, java.lang.Object)'> (0x00000000a55da350) 
thrown [s\open\src\hotspot\share\interpreter\linkResolver.cpp, line 774]
Event: 19.284 Thread 0x000002039751d640 Exception <a 'java/lang/IncompatibleClassChangeError'{0x00000000a3f612e8}: Found class java.lang.Object, but interface was expected> (0x00000000a3f612e8) 
thrown [s\open\src\hotspot\share\interpreter\linkResolver.cpp, line 841]
Event: 19.377 Thread 0x000002039751d640 Exception <a 'java/lang/NoSuchMethodError'{0x00000000a3d7b018}: 'void java.lang.invoke.DirectMethodHandle$Holder.invokeVirtual(java.lang.Object, java.lang.Object, long)'> (0x00000000a3d7b018) 
thrown [s\open\src\hotspot\share\interpreter\linkResolver.cpp, line 774]

VM Operations (20 events):
Event: 15.691 Executing VM operation: G1CollectForAllocation
Event: 15.698 Executing VM operation: G1CollectForAllocation done
Event: 16.364 Executing VM operation: G1CollectForAllocation
Event: 16.369 Executing VM operation: G1CollectForAllocation done
Event: 16.896 Executing VM operation: HandshakeAllThreads
Event: 16.896 Executing VM operation: HandshakeAllThreads done
Event: 17.486 Executing VM operation: G1CollectForAllocation
Event: 17.493 Executing VM operation: G1CollectForAllocation done
Event: 18.505 Executing VM operation: Cleanup
Event: 18.505 Executing VM operation: Cleanup done
Event: 18.673 Executing VM operation: HandshakeAllThreads
Event: 18.673 Executing VM operation: HandshakeAllThreads done
Event: 18.848 Executing VM operation: G1CollectForAllocation
Event: 18.862 Executing VM operation: G1CollectForAllocation done
Event: 18.915 Executing VM operation: HandshakeAllThreads
Event: 18.916 Executing VM operation: HandshakeAllThreads done
Event: 18.916 Executing VM operation: HandshakeAllThreads
Event: 18.917 Executing VM operation: HandshakeAllThreads done
Event: 19.185 Executing VM operation: HandshakeAllThreads
Event: 19.185 Executing VM operation: HandshakeAllThreads done

Events (20 events):
Event: 0.088 Thread 0x00000203fec39a90 Thread added: 0x00000203fec39a90
Event: 0.088 Thread 0x00000203fec3a3c0 Thread added: 0x00000203fec3a3c0
Event: 0.088 Thread 0x00000203fec3acf0 Thread added: 0x00000203fec3acf0
Event: 0.088 Thread 0x00000203fec3b950 Thread added: 0x00000203fec3b950
Event: 0.089 Thread 0x00000203fec3d640 Thread added: 0x00000203fec3d640
Event: 0.090 Thread 0x00000203fec41900 Thread added: 0x00000203fec41900
Event: 0.529 Thread 0x00000203fec03cb0 Thread added: 0x00000203fec03cb0
Event: 1.242 Thread 0x0000020396d84a30 Thread added: 0x0000020396d84a30
Event: 1.242 Thread 0x0000020396d84f70 Thread added: 0x0000020396d84f70
Event: 2.602 Thread 0x0000020396f103f0 Thread added: 0x0000020396f103f0
Event: 2.607 Thread 0x000002039751d640 Thread added: 0x000002039751d640
Event: 4.841 Thread 0x0000020396f00df0 Thread added: 0x0000020396f00df0
Event: 5.828 Thread 0x0000020396f00df0 Thread exited: 0x0000020396f00df0
Event: 6.114 Thread 0x0000020397c83be0 Thread added: 0x0000020397c83be0
Event: 6.280 Thread 0x0000020397c83be0 Thread exited: 0x0000020397c83be0
Event: 14.080 Thread 0x0000020399096030 Thread added: 0x0000020399096030
Event: 14.193 Thread 0x000002039936d370 Thread added: 0x000002039936d370
Event: 14.247 Thread 0x0000020397365b10 Thread added: 0x0000020397365b10
Event: 14.251 Thread 0x0000020397368040 Thread added: 0x0000020397368040
Event: 14.260 Thread 0x0000020397366b00 Thread added: 0x0000020397366b00


Dynamic libraries:
0x00007ff6ac2a0000 - 0x00007ff6ac2ae000 	C:\Users\Utente-PC\.jdks\openjdk-19.0.2\bin\java.exe
0x00007ffb8fb70000 - 0x00007ffb8fd68000 	C:\Windows\SYSTEM32\ntdll.dll
0x00007ffb8e330000 - 0x00007ffb8e3ef000 	C:\Windows\System32\KERNEL32.DLL
0x00007ffb8d360000 - 0x00007ffb8d656000 	C:\Windows\System32\KERNELBASE.dll
0x00007ffb8d970000 - 0x00007ffb8da70000 	C:\Windows\System32\ucrtbase.dll
0x00007ffb88780000 - 0x00007ffb88797000 	C:\Users\Utente-PC\.jdks\openjdk-19.0.2\bin\jli.dll
0x00007ffb8e630000 - 0x00007ffb8e7cd000 	C:\Windows\System32\USER32.dll
0x00007ffb8d820000 - 0x00007ffb8d842000 	C:\Windows\System32\win32u.dll
0x00007ffb8ef20000 - 0x00007ffb8ef4c000 	C:\Windows\System32\GDI32.dll
0x00007ffb8d700000 - 0x00007ffb8d815000 	C:\Windows\System32\gdi32full.dll
0x00007ffb8d660000 - 0x00007ffb8d6fd000 	C:\Windows\System32\msvcp_win.dll
0x00007ffb88760000 - 0x00007ffb8877b000 	C:\Users\Utente-PC\.jdks\openjdk-19.0.2\bin\VCRUNTIME140.dll
0x00007ffb7dfa0000 - 0x00007ffb7e23a000 	C:\Windows\WinSxS\amd64_microsoft.windows.common-controls_6595b64144ccf1df_6.0.19041.1110_none_60b5254171f9507e\COMCTL32.dll
0x00007ffb8e900000 - 0x00007ffb8e99e000 	C:\Windows\System32\msvcrt.dll
0x00007ffb8ef50000 - 0x00007ffb8ef80000 	C:\Windows\System32\IMM32.DLL
0x00007ffb886e0000 - 0x00007ffb886ec000 	C:\Users\Utente-PC\.jdks\openjdk-19.0.2\bin\vcruntime140_1.dll
0x00007ffb75910000 - 0x00007ffb7599e000 	C:\Users\Utente-PC\.jdks\openjdk-19.0.2\bin\msvcp140.dll
0x00007ffb5ebf0000 - 0x00007ffb5f8b0000 	C:\Users\Utente-PC\.jdks\openjdk-19.0.2\bin\server\jvm.dll
0x00007ffb8ed00000 - 0x00007ffb8edaf000 	C:\Windows\System32\ADVAPI32.dll
0x00007ffb8e3f0000 - 0x00007ffb8e48c000 	C:\Windows\System32\sechost.dll
0x00007ffb8ef80000 - 0x00007ffb8f0a6000 	C:\Windows\System32\RPCRT4.dll
0x00007ffb88c70000 - 0x00007ffb88c79000 	C:\Windows\SYSTEM32\WSOCK32.dll
0x00007ffb8e2c0000 - 0x00007ffb8e32b000 	C:\Windows\System32\WS2_32.dll
0x00007ffb813a0000 - 0x00007ffb813c7000 	C:\Windows\SYSTEM32\WINMM.dll
0x00007ffb81120000 - 0x00007ffb8112a000 	C:\Windows\SYSTEM32\VERSION.dll
0x00007ffb8b2f0000 - 0x00007ffb8b302000 	C:\Windows\SYSTEM32\kernel.appcore.dll
0x00007ffb88490000 - 0x00007ffb8849a000 	C:\Users\Utente-PC\.jdks\openjdk-19.0.2\bin\jimage.dll
0x00007ffb873f0000 - 0x00007ffb875d4000 	C:\Windows\SYSTEM32\DBGHELP.DLL
0x00007ffb86c20000 - 0x00007ffb86c54000 	C:\Windows\SYSTEM32\dbgcore.DLL
0x00007ffb8d2d0000 - 0x00007ffb8d352000 	C:\Windows\System32\bcryptPrimitives.dll
0x00007ffb88090000 - 0x00007ffb8809e000 	C:\Users\Utente-PC\.jdks\openjdk-19.0.2\bin\instrument.dll
0x00007ffb88020000 - 0x00007ffb88046000 	C:\Users\Utente-PC\.jdks\openjdk-19.0.2\bin\java.dll
0x00007ffb75550000 - 0x00007ffb75627000 	C:\Users\Utente-PC\.jdks\openjdk-19.0.2\bin\jsvml.dll
0x00007ffb8f2a0000 - 0x00007ffb8f9e4000 	C:\Windows\System32\SHELL32.dll
0x00007ffb8b310000 - 0x00007ffb8baa3000 	C:\Windows\SYSTEM32\windows.storage.dll
0x00007ffb8e9a0000 - 0x00007ffb8ecf4000 	C:\Windows\System32\combase.dll
0x00007ffb8cbd0000 - 0x00007ffb8cbfe000 	C:\Windows\SYSTEM32\Wldp.dll
0x00007ffb8f1f0000 - 0x00007ffb8f29d000 	C:\Windows\System32\SHCORE.dll
0x00007ffb8eec0000 - 0x00007ffb8ef15000 	C:\Windows\System32\shlwapi.dll
0x00007ffb8d190000 - 0x00007ffb8d1af000 	C:\Windows\SYSTEM32\profapi.dll
0x00007ffb827e0000 - 0x00007ffb827f8000 	C:\Users\Utente-PC\.jdks\openjdk-19.0.2\bin\zip.dll
0x00007ffb83600000 - 0x00007ffb83613000 	C:\Users\Utente-PC\.jdks\openjdk-19.0.2\bin\net.dll
0x00007ffb84fd0000 - 0x00007ffb850da000 	C:\Windows\SYSTEM32\WINHTTP.dll
0x00007ffb8c930000 - 0x00007ffb8c99a000 	C:\Windows\system32\mswsock.dll
0x00007ffb82810000 - 0x00007ffb82826000 	C:\Users\Utente-PC\.jdks\openjdk-19.0.2\bin\nio.dll
0x00007ffb82230000 - 0x00007ffb8224a000 	C:\Program Files\JetBrains\IntelliJ IDEA Community Edition 2022.2.1\bin\breakgen64.dll
0x00007ffb83070000 - 0x00007ffb83078000 	C:\Users\Utente-PC\.jdks\openjdk-19.0.2\bin\extnet.dll
0x00007ffb88080000 - 0x00007ffb8808a000 	C:\Users\Utente-PC\.jdks\openjdk-19.0.2\bin\management.dll
0x00007ffb84ed0000 - 0x00007ffb84edb000 	C:\Users\Utente-PC\.jdks\openjdk-19.0.2\bin\management_ext.dll
0x00007ffb8f0b0000 - 0x00007ffb8f0b8000 	C:\Windows\System32\PSAPI.DLL
0x00007ffb82050000 - 0x00007ffb82060000 	C:\Users\Utente-PC\.jdks\openjdk-19.0.2\bin\verify.dll
0x00007ffb8cb20000 - 0x00007ffb8cb38000 	C:\Windows\SYSTEM32\CRYPTSP.dll
0x00007ffb8c250000 - 0x00007ffb8c284000 	C:\Windows\system32\rsaenh.dll
0x00007ffb8d2a0000 - 0x00007ffb8d2c7000 	C:\Windows\System32\bcrypt.dll
0x00007ffb8d110000 - 0x00007ffb8d13e000 	C:\Windows\SYSTEM32\USERENV.dll
0x00007ffb8cb40000 - 0x00007ffb8cb4c000 	C:\Windows\SYSTEM32\CRYPTBASE.dll
0x00007ffb8c620000 - 0x00007ffb8c65c000 	C:\Windows\SYSTEM32\IPHLPAPI.DLL
0x00007ffb8e7d0000 - 0x00007ffb8e7d8000 	C:\Windows\System32\NSI.dll
0x00007ffb85ba0000 - 0x00007ffb85bb7000 	C:\Windows\SYSTEM32\dhcpcsvc6.DLL
0x00007ffb86fb0000 - 0x00007ffb86fcd000 	C:\Windows\SYSTEM32\dhcpcsvc.DLL
0x00007ffb8c660000 - 0x00007ffb8c72b000 	C:\Windows\SYSTEM32\DNSAPI.dll
0x00007ffb82220000 - 0x00007ffb8222e000 	C:\Users\Utente-PC\.jdks\openjdk-19.0.2\bin\sunmscapi.dll
0x00007ffb8da70000 - 0x00007ffb8dbce000 	C:\Windows\System32\CRYPT32.dll
0x00007ffb8cc40000 - 0x00007ffb8cc68000 	C:\Windows\SYSTEM32\ncrypt.dll
0x00007ffb8cc00000 - 0x00007ffb8cc3b000 	C:\Windows\SYSTEM32\NTASN1.dll

dbghelp: loaded successfully - version: 4.0.5 - missing functions: none
symbol engine: initialized successfully - sym options: 0x614 - pdb path: .;C:\Users\Utente-PC\.jdks\openjdk-19.0.2\bin;C:\Windows\SYSTEM32;C:\Windows\WinSxS\amd64_microsoft.windows.common-controls_6595b64144ccf1df_6.0.19041.1110_none_60b5254171f9507e;C:\Users\Utente-PC\.jdks\openjdk-19.0.2\bin\server;C:\Program Files\JetBrains\IntelliJ IDEA Community Edition 2022.2.1\bin

VM Arguments:
jvm_args: -javaagent:C:\Program Files\JetBrains\IntelliJ IDEA Community Edition 2022.2.1\lib\idea_rt.jar=50155:C:\Program Files\JetBrains\IntelliJ IDEA Community Edition 2022.2.1\bin -Dfile.encoding=UTF-8 -Dsun.stdout.encoding=UTF-8 -Dsun.stderr.encoding=UTF-8 
java_command: com.example.fileupdown.FileUpDownApplication
java_class_path (initial): C:\Users\Utente-PC\Documents\Develhope\file-up-down\file-up-down\target\classes;C:\Users\Utente-PC\.m2\repository\org\springframework\boot\spring-boot-starter-data-jpa\3.0.6\spring-boot-starter-data-jpa-3.0.6.jar;C:\Users\Utente-PC\.m2\repository\org\springframework\boot\spring-boot-starter-aop\3.0.6\spring-boot-starter-aop-3.0.6.jar;C:\Users\Utente-PC\.m2\repository\org\springframework\spring-aop\6.0.8\spring-aop-6.0.8.jar;C:\Users\Utente-PC\.m2\repository\org\aspectj\aspectjweaver\1.9.19\aspectjweaver-1.9.19.jar;C:\Users\Utente-PC\.m2\repository\org\springframework\boot\spring-boot-starter-jdbc\3.0.6\spring-boot-starter-jdbc-3.0.6.jar;C:\Users\Utente-PC\.m2\repository\com\zaxxer\HikariCP\5.0.1\HikariCP-5.0.1.jar;C:\Users\Utente-PC\.m2\repository\org\springframework\spring-jdbc\6.0.8\spring-jdbc-6.0.8.jar;C:\Users\Utente-PC\.m2\repository\org\hibernate\orm\hibernate-core\6.1.7.Final\hibernate-core-6.1.7.Final.jar;C:\Users\Utente-PC\.m2\repository\jakarta\persistence\jakarta.persistence-api\3.1.0\jakarta.persistence-api-3.1.0.jar;C:\Users\Utente-PC\.m2\repository\jakarta\transaction\jakarta.transaction-api\2.0.1\jakarta.transaction-api-2.0.1.jar;C:\Users\Utente-PC\.m2\repository\org\jboss\logging\jboss-logging\3.5.0.Final\jboss-logging-3.5.0.Final.jar;C:\Users\Utente-PC\.m2\repository\org\hibernate\common\hibernate-commons-annotations\6.0.6.Final\hibernate-commons-annotations-6.0.6.Final.jar;C:\Users\Utente-PC\.m2\repository\org\jboss\jandex\2.4.2.Final\jandex-2.4.2.Final.jar;C:\Users\Utente-PC\.m2\repository\com\fasterxml\classmate\1.5.1\classmate-1.5.1.jar;C:\Users\Utente-PC\.m2\repository\net\bytebuddy\byte-buddy\1.12.23\byte-buddy-1.12.23.jar;C:\Users\Utente-PC\.m2\repository\org\glassfish\jaxb\jaxb-runtime\4.0.2\jaxb-runtime-4.0.2.jar;C:\Users\Utente-PC\.m2\repository\org\glassfish\jaxb\jaxb-core\4.0.2\jaxb-core-4.0.2.jar;C:\Users\Utente-PC\.m2\repository\org\eclipse\angus\angus-activation\2.0.0\angus-activation-2.0.0.jar;C:\Users\Utente-PC\.m2\repository\org\glassfish\jaxb\txw2\4.0.2\txw2-4.0.2.jar;C:\Users\Utente-PC\.m2\repository\com\sun\istack\istack-commons-runtime\4.1.1\istack-commons-runtime-4.1.1.jar;C:\Users\Utente-PC\.m2\repository\jakarta\inject\jakarta.inject-api\2.0.0\jakarta.inject-api-2.0.0.jar;C:\Users\Utente-PC\.m2\repository\org\antlr\antlr4-runtime\4.10.1\antlr4-runtime-4.10.1.jar;C:\Users\Utente-PC\.m2\repository\org\springframework\data\spring-data-jpa\3.0.5\spring-data-jpa-3.0.5.jar;C:\Users\Utente-PC\.m2\repository\org\springframework\data\spring-data-commons\3.0.5\spring-data-commons-3.0.5.jar;C:\Users\Utente-PC\.m2\repository\org\springframework\spring-orm\6.0.8\spring-orm-6.0.8.jar;C:\Users\Utente-PC\.m2\repository\org\springframework\spring-context\6.0.8\spring-context-6.0.8.jar;C:\Users\Utente-PC\.m2\repository\org\springframework\spring-tx\6.0.8\spring-tx-6.0.8.jar;C:\Users\Utente-PC\.m2\repository\org\springframework\spring-beans\6.0.8\spring-beans-6.0.8.jar;C:\Users\Utente-PC\.m2\repository\jakarta\annotation\jakarta.annotation-api\2.1.1\jakarta.annotation-api-2.1.1.jar;C:\Users\Utente-PC\.m2\repository\org\slf4j\slf4j-api\2.0.7\slf4j-api-2.0.7.jar;C:\Users\Utente-PC\.m2\repository\org\springframework\spring-aspects\6.0.8\spring-aspects-6.0.8.jar;C:\Users\Utente-PC\.m2\repository\org\springframework\boot\spring-boot-starter-web\3.0.6\spring-boot-starter-web-3.0.6.jar;C:\Users\Utente-PC\.m2\repository\org\springframework\boot\spring-boot-starter\3.0.6\spring-boot-starter-3.0.6.jar;C:\Users\Utente-PC\.m2\repository\org\springframework\boot\spring-boot-starter-logging\3.0.6\spring-boot-starter-logging-3.0.6.jar;C:\Users\Utente-PC\.m2\repository\ch\qos\logback\logback-classic\1.4.7\logback-classic-1.4.7.jar;C:\Users\Utente-PC\.m2\repository\ch\qos\logback\logback-core\1.4.7\logback-core-1.4.7.jar;C:\Users\Utente-PC\.m2\repository\org\apache\logging\log4j\log4j-to-slf4j\2.19.0\log4j-to-slf4j-2.19.0.jar;C:\Users\Utente-PC\.m2\repository\org\apache\logging\log4j\log4j-api\2.19.0\log4j-api-2.19.0.jar;C:\Users\Utente-PC\.m2\repository\org\slf4j\jul-to-slf4j\2.0.7\jul-to-slf4j-2.0.7.jar;C:\Users\Utente-PC\.m2\repository\org\yaml\snakeyaml\1.33\snakeyaml-1.33.jar;C:\Users\Utente-PC\.m2\repository\org\springframework\boot\spring-boot-starter-json\3.0.6\spring-boot-starter-json-3.0.6.jar;C:\Users\Utente-PC\.m2\repository\com\fasterxml\jackson\core\jackson-databind\2.14.2\jackson-databind-2.14.2.jar;C:\Users\Utente-PC\.m2\repository\com\fasterxml\jackson\core\jackson-annotations\2.14.2\jackson-annotations-2.14.2.jar;C:\Users\Utente-PC\.m2\repository\com\fasterxml\jackson\core\jackson-core\2.14.2\jackson-core-2.14.2.jar;C:\Users\Utente-PC\.m2\repository\com\fasterxml\jackson\datatype\jackson-datatype-jdk8\2.14.2\jackson-datatype-jdk8-2.14.2.jar;C:\Users\Utente-PC\.m2\repository\com\fasterxml\jackson\datatype\jackson-datatype-jsr310\2.14.2\jackson-datatype-jsr310-2.14.2.jar;C:\Users\Utente-PC\.m2\repository\com\fasterxml\jackson\module\jackson-module-parameter-names\2.14.2\jackson-module-parameter-names-2.14.2.jar;C:\Users\Utente-PC\.m2\repository\org\springframework\boot\spring-boot-starter-tomcat\3.0.6\spring-boot-starter-tomcat-3.0.6.jar;C:\Users\Utente-PC\.m2\repository\org\apache\tomcat\embed\tomcat-embed-core\10.1.8\tomcat-embed-core-10.1.8.jar;C:\Users\Utente-PC\.m2\repository\org\apache\tomcat\embed\tomcat-embed-el\10.1.8\tomcat-embed-el-10.1.8.jar;C:\Users\Utente-PC\.m2\repository\org\apache\tomcat\embed\tomcat-embed-websocket\10.1.8\tomcat-embed-websocket-10.1.8.jar;C:\Users\Utente-PC\.m2\repository\org\springframework\spring-web\6.0.8\spring-web-6.0.8.jar;C:\Users\Utente-PC\.m2\repository\io\micrometer\micrometer-observation\1.10.6\micrometer-observation-1.10.6.jar;C:\Users\Utente-PC\.m2\repository\io\micrometer\micrometer-commons\1.10.6\micrometer-commons-1.10.6.jar;C:\Users\Utente-PC\.m2\repository\org\springframework\spring-webmvc\6.0.8\spring-webmvc-6.0.8.jar;C:\Users\Utente-PC\.m2\repository\org\springframework\spring-expression\6.0.8\spring-expression-6.0.8.jar;C:\Users\Utente-PC\.m2\repository\org\springframework\boot\spring-boot-devtools\3.0.6\spring-boot-devtools-3.0.6.jar;C:\Users\Utente-PC\.m2\repository\org\springframework\boot\spring-boot\3.0.6\spring-boot-3.0.6.jar;C:\Users\Utente-PC\.m2\repository\org\springframework\boot\spring-boot-autoconfigure\3.0.6\spring-boot-autoconfigure-3.0.6.jar;C:\Users\Utente-PC\.m2\repository\com\h2database\h2\2.1.214\h2-2.1.214.jar;C:\Users\Utente-PC\.m2\repository\org\projectlombok\lombok\1.18.26\lombok-1.18.26.jar;C:\Users\Utente-PC\.m2\repository\commons-io\commons-io\2.11.0\commons-io-2.11.0.jar;C:\Users\Utente-PC\.m2\repository\jakarta\xml\bind\jakarta.xml.bind-api\4.0.0\jakarta.xml.bind-api-4.0.0.jar;C:\Users\Utente-PC\.m2\repository\jakarta\activation\jakarta.activation-api\2.1.1\jakarta.activation-api-2.1.1.jar;C:\Users\Utente-PC\.m2\repository\org\springframework\spring-core\6.0.8\spring-core-6.0.8.jar;C:\Users\Utente-PC\.m2\repository\org\springframework\spring-jcl\6.0.8\spring-jcl-6.0.8.jar
Launcher Type: SUN_STANDARD

[Global flags]
     intx CICompilerCount                          = 2                                         {product} {ergonomic}
     uint ConcGCThreads                            = 1                                         {product} {ergonomic}
     uint G1ConcRefinementThreads                  = 2                                         {product} {ergonomic}
   size_t G1HeapRegionSize                         = 1048576                                   {product} {ergonomic}
    uintx GCDrainStackTargetSize                   = 64                                        {product} {ergonomic}
   size_t InitialHeapSize                          = 100663296                                 {product} {ergonomic}
   size_t MarkStackSize                            = 4194304                                   {product} {ergonomic}
   size_t MaxHeapSize                              = 1583349760                                {product} {ergonomic}
   size_t MaxNewSize                               = 950009856                                 {product} {ergonomic}
   size_t MinHeapDeltaBytes                        = 1048576                                   {product} {ergonomic}
   size_t MinHeapSize                              = 8388608                                   {product} {ergonomic}
    uintx NonNMethodCodeHeapSize                   = 5826188                                {pd product} {ergonomic}
    uintx NonProfiledCodeHeapSize                  = 122916026                              {pd product} {ergonomic}
    uintx ProfiledCodeHeapSize                     = 122916026                              {pd product} {ergonomic}
    uintx ReservedCodeCacheSize                    = 251658240                              {pd product} {ergonomic}
     bool SegmentedCodeCache                       = true                                      {product} {ergonomic}
   size_t SoftMaxHeapSize                          = 1583349760                             {manageable} {ergonomic}
     bool UseCompressedClassPointers               = true                           {product lp64_product} {ergonomic}
     bool UseCompressedOops                        = true                           {product lp64_product} {ergonomic}
     bool UseG1GC                                  = true                                      {product} {ergonomic}
     bool UseLargePagesIndividualAllocation        = false                                  {pd product} {ergonomic}

Logging:
Log output configuration:
 #0: stdout all=warning uptime,level,tags foldmultilines=false
 #1: stderr all=off uptime,level,tags foldmultilines=false

Environment Variables:
PATH=C:\Program Files\Common Files\Oracle\Java\javapath;C:\Program Files (x86)\NVIDIA Corporation\PhysX\Common;C:\Windows\system32;C:\Windows;C:\Windows\System32\Wbem;C:\Windows\System32\WindowsPowerShell\v1.0\;C:\Program Files\nodejs\;C:\Program Files\Git\cmd;C:\Program Files\MySQL\MySQL Shell 8.0\bin\;C:\Users\Utente-PC\AppData\Local\Microsoft\WindowsApps;;C:\Users\Utente-PC\AppData\Local\Programs\Microsoft VS Code\bin;C:\Users\Utente-PC\AppData\Roaming\npm
USERNAME=Utente-PC
OS=Windows_NT
PROCESSOR_IDENTIFIER=Intel64 Family 6 Model 42 Stepping 7, GenuineIntel
TMP=C:\Users\UTENTE~1\AppData\Local\Temp
TEMP=C:\Users\UTENTE~1\AppData\Local\Temp



---------------  S Y S T E M  ---------------

OS:
 Windows 10 , 64 bit Build 19041 (10.0.19041.2913)
OS uptime: 0 days 17:52 hours

CPU: total 2 (initial active 2) (2 cores per cpu, 1 threads per core) family 6 model 42 stepping 7 microcode 0x2f, cx8, cmov, fxsr, mmx, sse, sse2, sse3, ssse3, sse4.1, sse4.2, popcnt, tsc, tscinvbit, clmul, clflush, rdtscp

Memory: 4k page, system-wide physical 6033M (432M free)
TotalPageFile size 6033M (AvailPageFile size 4M)
current process WorkingSet (physical memory assigned to process): 200M, peak: 200M
current process commit charge ("private bytes"): 226M, peak: 227M

vm_info: OpenJDK 64-Bit Server VM (19.0.2+7-44) for windows-amd64 JRE (19.0.2+7-44), built on 2022-11-30T18:02:09Z by "mach5one" with MS VC++ 17.1 (VS2022)

END.
